Using pre-set license
Built from '2021.3/staging' branch; Version is '2021.3.6f1 (7da38d85baf6) revision 8233869'; Using compiler version '192829333'; Build Type 'Release'
OS: 'Windows 10  (10.0.19044) 64bit Education' Language: 'cs' Physical Memory: 6077 MB
BatchMode: 1, IsHumanControllingUs: 0, StartBugReporterOnCrash: 0, Is64bit: 1, IsPro: 1

COMMAND LINE ARGUMENTS:
C:\Program Files\Unity\Hub\Editor\2021.3.6f1\Editor\Unity.exe
-adb2
-batchMode
-noUpm
-name
AssetImportWorker11
-projectPath
C:/Projects/pers/perseverantia/perseverantia
-logFile
Logs/AssetImportWorker11.log
-srvPort
50601
Successfully changed project path to: C:/Projects/pers/perseverantia/perseverantia
C:/Projects/pers/perseverantia/perseverantia
[UnityMemory] Configuration Parameters - Can be set up in boot.config
    "memorysetup-bucket-allocator-granularity=16"
    "memorysetup-bucket-allocator-bucket-count=8"
    "memorysetup-bucket-allocator-block-size=33554432"
    "memorysetup-bucket-allocator-block-count=8"
    "memorysetup-main-allocator-block-size=16777216"
    "memorysetup-thread-allocator-block-size=16777216"
    "memorysetup-gfx-main-allocator-block-size=16777216"
    "memorysetup-gfx-thread-allocator-block-size=16777216"
    "memorysetup-cache-allocator-block-size=4194304"
    "memorysetup-typetree-allocator-block-size=2097152"
    "memorysetup-profiler-bucket-allocator-granularity=16"
    "memorysetup-profiler-bucket-allocator-bucket-count=8"
    "memorysetup-profiler-bucket-allocator-block-size=33554432"
    "memorysetup-profiler-bucket-allocator-block-count=8"
    "memorysetup-profiler-allocator-block-size=16777216"
    "memorysetup-profiler-editor-allocator-block-size=1048576"
    "memorysetup-temp-allocator-size-main=16777216"
    "memorysetup-job-temp-allocator-block-size=2097152"
    "memorysetup-job-temp-allocator-block-size-background=1048576"
    "memorysetup-job-temp-allocator-reduction-small-platforms=262144"
    "memorysetup-temp-allocator-size-background-worker=32768"
    "memorysetup-temp-allocator-size-job-worker=262144"
    "memorysetup-temp-allocator-size-preload-manager=33554432"
    "memorysetup-temp-allocator-size-nav-mesh-worker=65536"
    "memorysetup-temp-allocator-size-audio-worker=65536"
    "memorysetup-temp-allocator-size-cloud-worker=32768"
    "memorysetup-temp-allocator-size-gi-baking-worker=262144"
    "memorysetup-temp-allocator-size-gfx=262144"
Refreshing native plugins compatible for Editor in 363.26 ms, found 2 plugins.
Preloading 0 native plugins for Editor in 0.00 ms.
Initialize engine version: 2021.3.6f1 (7da38d85baf6)
[Subsystems] Discovering subsystems at path C:/Program Files/Unity/Hub/Editor/2021.3.6f1/Editor/Data/Resources/UnitySubsystems
[Subsystems] Discovering subsystems at path C:/Projects/pers/perseverantia/perseverantia/Assets
GfxDevice: creating device client; threaded=0; jobified=0
Direct3D:
    Version:  Direct3D 11.0 [level 11.1]
    Renderer: NVIDIA GeForce GTX 1650 (ID=0x1f91)
    Vendor:   NVIDIA
    VRAM:     3962 MB
    Driver:   30.0.15.1278
Initialize mono
Mono path[0] = 'C:/Program Files/Unity/Hub/Editor/2021.3.6f1/Editor/Data/Managed'
Mono path[1] = 'C:/Program Files/Unity/Hub/Editor/2021.3.6f1/Editor/Data/MonoBleedingEdge/lib/mono/unityjit-win32'
Mono config path = 'C:/Program Files/Unity/Hub/Editor/2021.3.6f1/Editor/Data/MonoBleedingEdge/etc'
Using monoOptions --debugger-agent=transport=dt_socket,embedding=1,server=y,suspend=n,address=127.0.0.1:56480
Begin MonoManager ReloadAssembly
Registering precompiled unity dll's ...
Register platform support module: C:/Program Files/Unity/Hub/Editor/2021.3.6f1/Editor/Data/PlaybackEngines/WebGLSupport/UnityEditor.WebGL.Extensions.dll
Register platform support module: C:/Program Files/Unity/Hub/Editor/2021.3.6f1/Editor/Data/PlaybackEngines/WindowsStandaloneSupport/UnityEditor.WindowsStandalone.Extensions.dll
Registered in 0.024228 seconds.
Native extension for WindowsStandalone target not found
Native extension for WebGL target not found
Refreshing native plugins compatible for Editor in 166.89 ms, found 2 plugins.
Preloading 0 native plugins for Editor in 0.00 ms.
Mono: successfully reloaded assembly
- Completed reload, in  2.256 seconds
Domain Reload Profiling:
	ReloadAssembly (2257ms)
		BeginReloadAssembly (356ms)
			ExecutionOrderSort (0ms)
			DisableScriptedObjects (0ms)
			BackupInstance (0ms)
			ReleaseScriptingObjects (0ms)
			CreateAndSetChildDomain (1ms)
		EndReloadAssembly (1600ms)
			LoadAssemblies (351ms)
			RebuildTransferFunctionScriptingTraits (0ms)
			SetupTypeCache (479ms)
			ReleaseScriptCaches (0ms)
			RebuildScriptCaches (116ms)
			SetupLoadedEditorAssemblies (888ms)
				LogAssemblyErrors (0ms)
				InitializePlatformSupportModulesInManaged (33ms)
				SetLoadedEditorAssemblies (1ms)
				RefreshPlugins (167ms)
				BeforeProcessingInitializeOnLoad (4ms)
				ProcessInitializeOnLoadAttributes (527ms)
				ProcessInitializeOnLoadMethodAttributes (155ms)
				AfterProcessingInitializeOnLoad (0ms)
				EditorAssembliesLoaded (0ms)
			ExecutionOrderSort2 (0ms)
			AwakeInstancesAfterBackupRestoration (0ms)
Platform modules already initialized, skipping
Registering precompiled user dll's ...
Registered in 0.025566 seconds.
Begin MonoManager ReloadAssembly
Native extension for WindowsStandalone target not found
Native extension for WebGL target not found
Refreshing native plugins compatible for Editor in 138.34 ms, found 2 plugins.
Preloading 0 native plugins for Editor in 0.00 ms.
Mono: successfully reloaded assembly
- Completed reload, in 12.271 seconds
Domain Reload Profiling:
	ReloadAssembly (12276ms)
		BeginReloadAssembly (302ms)
			ExecutionOrderSort (0ms)
			DisableScriptedObjects (9ms)
			BackupInstance (0ms)
			ReleaseScriptingObjects (0ms)
			CreateAndSetChildDomain (50ms)
		EndReloadAssembly (11654ms)
			LoadAssemblies (8744ms)
			RebuildTransferFunctionScriptingTraits (3ms)
			SetupTypeCache (1220ms)
			ReleaseScriptCaches (6ms)
			RebuildScriptCaches (210ms)
			SetupLoadedEditorAssemblies (1310ms)
				LogAssemblyErrors (0ms)
				InitializePlatformSupportModulesInManaged (17ms)
				SetLoadedEditorAssemblies (0ms)
				RefreshPlugins (138ms)
				BeforeProcessingInitializeOnLoad (205ms)
				ProcessInitializeOnLoadAttributes (700ms)
				ProcessInitializeOnLoadMethodAttributes (228ms)
				AfterProcessingInitializeOnLoad (20ms)
				EditorAssembliesLoaded (1ms)
			ExecutionOrderSort2 (0ms)
			AwakeInstancesAfterBackupRestoration (11ms)
Platform modules already initialized, skipping
========================================================================
Worker process is ready to serve import requests
Launched and connected shader compiler UnityShaderCompiler.exe after 0.28 seconds
Refreshing native plugins compatible for Editor in 3.45 ms, found 2 plugins.
Preloading 0 native plugins for Editor in 0.00 ms.
Unloading 4226 Unused Serialized files (Serialized files now loaded: 0)
Unloading 34 unused Assets / (1.4 MB). Loaded Objects now: 4695.
Memory consumption went from 257.7 MB to 256.3 MB.
Total: 25.028900 ms (FindLiveObjects: 2.086700 ms CreateObjectMapping: 1.979800 ms MarkObjects: 16.363100 ms  DeleteObjects: 4.595200 ms)

AssetImportParameters requested are different than current active one (requested -> active):
  custom:video-decoder-ogg-theora: a1e56fd34408186e4bbccfd4996cb3dc -> 
  custom:container-muxer-webm: aa71ff27fc2769a1b78a27578f13a17b -> 
  custom:container-demuxer-webm: 4f35f7cbe854078d1ac9338744f61a02 -> 
  custom:video-encoder-webm-vp8: eb34c28f22e8b96e1ab97ce403110664 -> 
  custom:audio-encoder-webm-vorbis: bf7c407c2cedff20999df2af8eb42d56 -> 
  custom:framework-win-MediaFoundation: 216162199b28c13a410421893ffa2e32 -> 
  custom:container-demuxer-ogg: 62fdf1f143b41e24485cea50d1cbac27 -> 
  custom:video-decoder-webm-vp8: 9c59270c3fd7afecdb556c50c9e8de78 -> 
  custom:audio-decoder-ogg-vorbis: bf7c407c2cedff20999df2af8eb42d56 -> 
========================================================================
Received Import Request.
  Time since last request: 666234.794641 seconds.
  path: Assets/UniversalRenderPipelineGlobalSettings.asset
  artifactKey: Guid(40139b398cfe06745bae9bd2d748a027) Importer(815301076,1909f56bfc062723c751e8b465ee728b)
Start importing Assets/UniversalRenderPipelineGlobalSettings.asset using Guid(40139b398cfe06745bae9bd2d748a027) Importer(815301076,1909f56bfc062723c751e8b465ee728b)  -> (artifact id: '0ec5998448405fd19a9498234753409d') in 0.224766 seconds 
========================================================================
Received Import Request.
  Time since last request: 99.440537 seconds.
  path: Assets/UI/Styles
  artifactKey: Guid(4d4e2b96cd60d754fbcd6ed82936673e) Importer(815301076,1909f56bfc062723c751e8b465ee728b)
Start importing Assets/UI/Styles using Guid(4d4e2b96cd60d754fbcd6ed82936673e) Importer(815301076,1909f56bfc062723c751e8b465ee728b)  -> (artifact id: '4193bb7d0efb433935d4afcefec5cfa9') in 0.021516 seconds 
========================================================================
Received Import Request.
  Time since last request: 2.714813 seconds.
  path: Assets/UI/Menu.uxml
  artifactKey: Guid(4cc3280bc34e86941bc6c3fe3c09b501) Importer(815301076,1909f56bfc062723c751e8b465ee728b)
Start importing Assets/UI/Menu.uxml using Guid(4cc3280bc34e86941bc6c3fe3c09b501) Importer(815301076,1909f56bfc062723c751e8b465ee728b)  -> (artifact id: '83bb50aa2b7b80187d05a1b12a7dddca') in 0.041361 seconds 
========================================================================
Received Import Request.
  Time since last request: 13.999824 seconds.
  path: Assets/UI/Menu.uxml
  artifactKey: Guid(4cc3280bc34e86941bc6c3fe3c09b501) Importer(815301076,1909f56bfc062723c751e8b465ee728b)
Start importing Assets/UI/Menu.uxml using Guid(4cc3280bc34e86941bc6c3fe3c09b501) Importer(815301076,1909f56bfc062723c751e8b465ee728b)  -> (artifact id: '001698d20c25bac7727269f079e8353c') in 0.018065 seconds 
========================================================================
Received Prepare
Registering precompiled user dll's ...
Registered in 0.012985 seconds.
Begin MonoManager ReloadAssembly
Native extension for WindowsStandalone target not found
Native extension for WebGL target not found
Refreshing native plugins compatible for Editor in 4.27 ms, found 2 plugins.
Preloading 0 native plugins for Editor in 0.00 ms.
Mono: successfully reloaded assembly
- Completed reload, in  5.155 seconds
Domain Reload Profiling:
	ReloadAssembly (5160ms)
		BeginReloadAssembly (912ms)
			ExecutionOrderSort (0ms)
			DisableScriptedObjects (71ms)
			BackupInstance (0ms)
			ReleaseScriptingObjects (0ms)
			CreateAndSetChildDomain (218ms)
		EndReloadAssembly (3839ms)
			LoadAssemblies (768ms)
			RebuildTransferFunctionScriptingTraits (3ms)
			SetupTypeCache (1058ms)
			ReleaseScriptCaches (19ms)
			RebuildScriptCaches (264ms)
			SetupLoadedEditorAssemblies (1789ms)
				LogAssemblyErrors (0ms)
				InitializePlatformSupportModulesInManaged (47ms)
				SetLoadedEditorAssemblies (3ms)
				RefreshPlugins (5ms)
				BeforeProcessingInitializeOnLoad (255ms)
				ProcessInitializeOnLoadAttributes (1114ms)
				ProcessInitializeOnLoadMethodAttributes (336ms)
				AfterProcessingInitializeOnLoad (27ms)
				EditorAssembliesLoaded (1ms)
			ExecutionOrderSort2 (0ms)
			AwakeInstancesAfterBackupRestoration (27ms)
Platform modules already initialized, skipping
Refreshing native plugins compatible for Editor in 14.64 ms, found 2 plugins.
Preloading 0 native plugins for Editor in 0.00 ms.
Unloading 4078 Unused Serialized files (Serialized files now loaded: 0)
Unloading 23 unused Assets / (1.4 MB). Loaded Objects now: 4698.
Memory consumption went from 247.3 MB to 245.9 MB.
Total: 18.667400 ms (FindLiveObjects: 0.900400 ms CreateObjectMapping: 1.101400 ms MarkObjects: 14.373300 ms  DeleteObjects: 2.287800 ms)

AssetImportParameters requested are different than current active one (requested -> active):
  custom:video-decoder-ogg-theora: a1e56fd34408186e4bbccfd4996cb3dc -> 
  custom:container-muxer-webm: aa71ff27fc2769a1b78a27578f13a17b -> 
  custom:container-demuxer-webm: 4f35f7cbe854078d1ac9338744f61a02 -> 
  custom:video-encoder-webm-vp8: eb34c28f22e8b96e1ab97ce403110664 -> 
  custom:audio-encoder-webm-vorbis: bf7c407c2cedff20999df2af8eb42d56 -> 
  custom:framework-win-MediaFoundation: 216162199b28c13a410421893ffa2e32 -> 
  custom:container-demuxer-ogg: 62fdf1f143b41e24485cea50d1cbac27 -> 
  custom:video-decoder-webm-vp8: 9c59270c3fd7afecdb556c50c9e8de78 -> 
  custom:audio-decoder-ogg-vorbis: bf7c407c2cedff20999df2af8eb42d56 -> 
========================================================================
Received Import Request.
  Time since last request: 72.104434 seconds.
  path: Assets/UI/Menu.uxml
  artifactKey: Guid(4cc3280bc34e86941bc6c3fe3c09b501) Importer(815301076,1909f56bfc062723c751e8b465ee728b)
Start importing Assets/UI/Menu.uxml using Guid(4cc3280bc34e86941bc6c3fe3c09b501) Importer(815301076,1909f56bfc062723c751e8b465ee728b)  -> (artifact id: '95067193aba9c534c0cc10c0a8dd9f65') in 0.082968 seconds 
========================================================================
Received Import Request.
  Time since last request: 81.412490 seconds.
  path: Assets/UI/Menu.uxml
  artifactKey: Guid(4cc3280bc34e86941bc6c3fe3c09b501) Importer(815301076,1909f56bfc062723c751e8b465ee728b)
Start importing Assets/UI/Menu.uxml using Guid(4cc3280bc34e86941bc6c3fe3c09b501) Importer(815301076,1909f56bfc062723c751e8b465ee728b)  -> (artifact id: 'c566e33a637b99c0a5ef482030101350') in 0.017404 seconds 
========================================================================
Received Import Request.
  Time since last request: 5.861646 seconds.
  path: Assets/_External/Fonts/Major_Mono_Display/MajorMonoDisplay-Regular.ttf
  artifactKey: Guid(cdbc3aeec993f75428712f7dad715f1f) Importer(815301076,1909f56bfc062723c751e8b465ee728b)
Start importing Assets/_External/Fonts/Major_Mono_Display/MajorMonoDisplay-Regular.ttf using Guid(cdbc3aeec993f75428712f7dad715f1f) Importer(815301076,1909f56bfc062723c751e8b465ee728b)  -> (artifact id: 'b9b9ed39fa8d5556c968637e658ffe08') in 1.002768 seconds 
========================================================================
Received Import Request.
  Time since last request: 525.072193 seconds.
  path: Assets/_External/Fonts/Major_Mono_Display/MajorMonoDisplay-Regular SDF.asset
  artifactKey: Guid(ec2d9593989989d4581521ccc4086146) Importer(815301076,1909f56bfc062723c751e8b465ee728b)
Start importing Assets/_External/Fonts/Major_Mono_Display/MajorMonoDisplay-Regular SDF.asset using Guid(ec2d9593989989d4581521ccc4086146) Importer(815301076,1909f56bfc062723c751e8b465ee728b)  -> (artifact id: '3be2d2bb6aac74323410e786a0830f8b') in 0.495526 seconds 
========================================================================
Received Import Request.
  Time since last request: 6.886845 seconds.
  path: Assets/Scripts
  artifactKey: Guid(e9c15da4c46f0ba46bcb04625891f30c) Importer(815301076,1909f56bfc062723c751e8b465ee728b)
Start importing Assets/Scripts using Guid(e9c15da4c46f0ba46bcb04625891f30c) Importer(815301076,1909f56bfc062723c751e8b465ee728b)  -> (artifact id: '6e8c8eac206cee84afcb60517520b729') in 0.022617 seconds 
========================================================================
Received Import Request.
  Time since last request: 3.862155 seconds.
  path: Assets/Scripts/UI
  artifactKey: Guid(648ba96b365794f47928071e1cda135a) Importer(815301076,1909f56bfc062723c751e8b465ee728b)
Start importing Assets/Scripts/UI using Guid(648ba96b365794f47928071e1cda135a) Importer(815301076,1909f56bfc062723c751e8b465ee728b)  -> (artifact id: 'bead8ec55cda11a037317052e1cf6406') in 0.017689 seconds 
========================================================================
Received Import Request.
  Time since last request: 5.534513 seconds.
  path: Assets/Scripts/UI/Menu
  artifactKey: Guid(29adc229e1203fa48938a093c3a880dc) Importer(815301076,1909f56bfc062723c751e8b465ee728b)
Start importing Assets/Scripts/UI/Menu using Guid(29adc229e1203fa48938a093c3a880dc) Importer(815301076,1909f56bfc062723c751e8b465ee728b)  -> (artifact id: 'cc18d6c1d65b83594e01c9a375d49cbd') in 0.011019 seconds 
========================================================================
Received Import Request.
  Time since last request: 6.389336 seconds.
  path: Assets/Scripts/UI/Menu/MenuController.cs
  artifactKey: Guid(8b8ce298c1da95e4aa283502a2596ed7) Importer(815301076,1909f56bfc062723c751e8b465ee728b)
Start importing Assets/Scripts/UI/Menu/MenuController.cs using Guid(8b8ce298c1da95e4aa283502a2596ed7) Importer(815301076,1909f56bfc062723c751e8b465ee728b)  -> (artifact id: '333bcbde8f5918dc492467ec5e9b939f') in 0.041133 seconds 
========================================================================
Received Prepare
Registering precompiled user dll's ...
Registered in 0.020000 seconds.
Begin MonoManager ReloadAssembly
Native extension for WindowsStandalone target not found
Native extension for WebGL target not found
Refreshing native plugins compatible for Editor in 7.50 ms, found 2 plugins.
Preloading 0 native plugins for Editor in 0.00 ms.
Mono: successfully reloaded assembly
- Completed reload, in  4.840 seconds
Domain Reload Profiling:
	ReloadAssembly (4843ms)
		BeginReloadAssembly (1549ms)
			ExecutionOrderSort (1ms)
			DisableScriptedObjects (197ms)
			BackupInstance (0ms)
			ReleaseScriptingObjects (0ms)
			CreateAndSetChildDomain (566ms)
		EndReloadAssembly (3006ms)
			LoadAssemblies (786ms)
			RebuildTransferFunctionScriptingTraits (2ms)
			SetupTypeCache (695ms)
			ReleaseScriptCaches (4ms)
			RebuildScriptCaches (116ms)
			SetupLoadedEditorAssemblies (1500ms)
				LogAssemblyErrors (0ms)
				InitializePlatformSupportModulesInManaged (23ms)
				SetLoadedEditorAssemblies (6ms)
				RefreshPlugins (8ms)
				BeforeProcessingInitializeOnLoad (146ms)
				ProcessInitializeOnLoadAttributes (574ms)
				ProcessInitializeOnLoadMethodAttributes (706ms)
				AfterProcessingInitializeOnLoad (36ms)
				EditorAssembliesLoaded (0ms)
			ExecutionOrderSort2 (0ms)
			AwakeInstancesAfterBackupRestoration (87ms)
Platform modules already initialized, skipping
Refreshing native plugins compatible for Editor in 67.08 ms, found 2 plugins.
Preloading 0 native plugins for Editor in 0.00 ms.
Unloading 4086 Unused Serialized files (Serialized files now loaded: 0)
Unloading 23 unused Assets / (1.4 MB). Loaded Objects now: 4791.
Memory consumption went from 255.1 MB to 253.7 MB.
Total: 361.119400 ms (FindLiveObjects: 12.544700 ms CreateObjectMapping: 0.981800 ms MarkObjects: 345.104000 ms  DeleteObjects: 2.484100 ms)

AssetImportParameters requested are different than current active one (requested -> active):
  custom:video-decoder-ogg-theora: a1e56fd34408186e4bbccfd4996cb3dc -> 
  custom:container-muxer-webm: aa71ff27fc2769a1b78a27578f13a17b -> 
  custom:container-demuxer-webm: 4f35f7cbe854078d1ac9338744f61a02 -> 
  custom:video-encoder-webm-vp8: eb34c28f22e8b96e1ab97ce403110664 -> 
  custom:audio-encoder-webm-vorbis: bf7c407c2cedff20999df2af8eb42d56 -> 
  custom:framework-win-MediaFoundation: 216162199b28c13a410421893ffa2e32 -> 
  custom:container-demuxer-ogg: 62fdf1f143b41e24485cea50d1cbac27 -> 
  custom:video-decoder-webm-vp8: 9c59270c3fd7afecdb556c50c9e8de78 -> 
  custom:audio-decoder-ogg-vorbis: bf7c407c2cedff20999df2af8eb42d56 -> 
========================================================================
Received Import Request.
  Time since last request: 127.336065 seconds.
  path: Assets/UI/Menu.uxml
  artifactKey: Guid(4cc3280bc34e86941bc6c3fe3c09b501) Importer(815301076,1909f56bfc062723c751e8b465ee728b)
Start importing Assets/UI/Menu.uxml using Guid(4cc3280bc34e86941bc6c3fe3c09b501) Importer(815301076,1909f56bfc062723c751e8b465ee728b)  -> (artifact id: '28eadca5952be9c9a591c453ecf3cde5') in 2.670255 seconds 
========================================================================
Received Import Request.
  Time since last request: 862.220542 seconds.
  path: Assets/Scripts/UI/Menu/MenuController.cs
  artifactKey: Guid(8b8ce298c1da95e4aa283502a2596ed7) Importer(815301076,1909f56bfc062723c751e8b465ee728b)
Start importing Assets/Scripts/UI/Menu/MenuController.cs using Guid(8b8ce298c1da95e4aa283502a2596ed7) Importer(815301076,1909f56bfc062723c751e8b465ee728b)  -> (artifact id: '01c2b60d24d10280f135993665aa97b1') in 0.033515 seconds 
========================================================================
Received Import Request.
  Time since last request: 76.803648 seconds.
  path: Assets/Scripts/UI/Menu/MenuController.cs
  artifactKey: Guid(8b8ce298c1da95e4aa283502a2596ed7) Importer(815301076,1909f56bfc062723c751e8b465ee728b)
Start importing Assets/Scripts/UI/Menu/MenuController.cs using Guid(8b8ce298c1da95e4aa283502a2596ed7) Importer(815301076,1909f56bfc062723c751e8b465ee728b)  -> (artifact id: '2fd7c86fdf5a7bdbc15c0de0ac48653d') in 0.077756 seconds 
========================================================================
Received Import Request.
  Time since last request: 56.922239 seconds.
  path: Assets/Scripts/UI/Menu/MenuController.cs
  artifactKey: Guid(8b8ce298c1da95e4aa283502a2596ed7) Importer(815301076,1909f56bfc062723c751e8b465ee728b)
Start importing Assets/Scripts/UI/Menu/MenuController.cs using Guid(8b8ce298c1da95e4aa283502a2596ed7) Importer(815301076,1909f56bfc062723c751e8b465ee728b)  -> (artifact id: 'd0132946a9773ba9b9c40521f030b130') in 0.029602 seconds 
========================================================================
Received Prepare
Registering precompiled user dll's ...
Registered in 0.060560 seconds.
Begin MonoManager ReloadAssembly
Native extension for WindowsStandalone target not found
Native extension for WebGL target not found
Refreshing native plugins compatible for Editor in 3.23 ms, found 2 plugins.
Preloading 0 native plugins for Editor in 0.00 ms.
Mono: successfully reloaded assembly
- Completed reload, in  7.949 seconds
Domain Reload Profiling:
	ReloadAssembly (7971ms)
		BeginReloadAssembly (3042ms)
			ExecutionOrderSort (0ms)
			DisableScriptedObjects (387ms)
			BackupInstance (0ms)
			ReleaseScriptingObjects (1ms)
			CreateAndSetChildDomain (1657ms)
		EndReloadAssembly (4472ms)
			LoadAssemblies (535ms)
			RebuildTransferFunctionScriptingTraits (0ms)
			SetupTypeCache (1071ms)
			ReleaseScriptCaches (9ms)
			RebuildScriptCaches (222ms)
			SetupLoadedEditorAssemblies (2456ms)
				LogAssemblyErrors (0ms)
				InitializePlatformSupportModulesInManaged (48ms)
				SetLoadedEditorAssemblies (4ms)
				RefreshPlugins (3ms)
				BeforeProcessingInitializeOnLoad (319ms)
				ProcessInitializeOnLoadAttributes (1506ms)
				ProcessInitializeOnLoadMethodAttributes (514ms)
				AfterProcessingInitializeOnLoad (61ms)
				EditorAssembliesLoaded (1ms)
			ExecutionOrderSort2 (0ms)
			AwakeInstancesAfterBackupRestoration (51ms)
Platform modules already initialized, skipping
Refreshing native plugins compatible for Editor in 15.33 ms, found 2 plugins.
Preloading 0 native plugins for Editor in 0.00 ms.
Unloading 4087 Unused Serialized files (Serialized files now loaded: 0)
Unloading 23 unused Assets / (1.4 MB). Loaded Objects now: 4794.
Memory consumption went from 255.1 MB to 253.7 MB.
Total: 49.246300 ms (FindLiveObjects: 1.694200 ms CreateObjectMapping: 1.645400 ms MarkObjects: 43.143100 ms  DeleteObjects: 2.756600 ms)

AssetImportParameters requested are different than current active one (requested -> active):
  custom:video-decoder-ogg-theora: a1e56fd34408186e4bbccfd4996cb3dc -> 
  custom:container-muxer-webm: aa71ff27fc2769a1b78a27578f13a17b -> 
  custom:container-demuxer-webm: 4f35f7cbe854078d1ac9338744f61a02 -> 
  custom:video-encoder-webm-vp8: eb34c28f22e8b96e1ab97ce403110664 -> 
  custom:audio-encoder-webm-vorbis: bf7c407c2cedff20999df2af8eb42d56 -> 
  custom:framework-win-MediaFoundation: 216162199b28c13a410421893ffa2e32 -> 
  custom:container-demuxer-ogg: 62fdf1f143b41e24485cea50d1cbac27 -> 
  custom:video-decoder-webm-vp8: 9c59270c3fd7afecdb556c50c9e8de78 -> 
  custom:audio-decoder-ogg-vorbis: bf7c407c2cedff20999df2af8eb42d56 -> 
========================================================================
Received Prepare
Registering precompiled user dll's ...
Registered in 0.008182 seconds.
Begin MonoManager ReloadAssembly
Native extension for WindowsStandalone target not found
Native extension for WebGL target not found
Refreshing native plugins compatible for Editor in 6.99 ms, found 2 plugins.
Preloading 0 native plugins for Editor in 0.00 ms.
Mono: successfully reloaded assembly
- Completed reload, in  4.634 seconds
Domain Reload Profiling:
	ReloadAssembly (4636ms)
		BeginReloadAssembly (719ms)
			ExecutionOrderSort (0ms)
			DisableScriptedObjects (22ms)
			BackupInstance (0ms)
			ReleaseScriptingObjects (0ms)
			CreateAndSetChildDomain (194ms)
		EndReloadAssembly (3611ms)
			LoadAssemblies (674ms)
			RebuildTransferFunctionScriptingTraits (2ms)
			SetupTypeCache (814ms)
			ReleaseScriptCaches (22ms)
			RebuildScriptCaches (181ms)
			SetupLoadedEditorAssemblies (1840ms)
				LogAssemblyErrors (0ms)
				InitializePlatformSupportModulesInManaged (60ms)
				SetLoadedEditorAssemblies (2ms)
				RefreshPlugins (7ms)
				BeforeProcessingInitializeOnLoad (295ms)
				ProcessInitializeOnLoadAttributes (1166ms)
				ProcessInitializeOnLoadMethodAttributes (289ms)
				AfterProcessingInitializeOnLoad (21ms)
				EditorAssembliesLoaded (0ms)
			ExecutionOrderSort2 (0ms)
			AwakeInstancesAfterBackupRestoration (30ms)
Platform modules already initialized, skipping
Refreshing native plugins compatible for Editor in 16.20 ms, found 2 plugins.
Preloading 0 native plugins for Editor in 0.00 ms.
Unloading 4087 Unused Serialized files (Serialized files now loaded: 0)
Unloading 23 unused Assets / (1.4 MB). Loaded Objects now: 4797.
Memory consumption went from 255.1 MB to 253.7 MB.
Total: 256.100400 ms (FindLiveObjects: 70.402500 ms CreateObjectMapping: 3.929400 ms MarkObjects: 139.605100 ms  DeleteObjects: 42.159900 ms)

AssetImportParameters requested are different than current active one (requested -> active):
  custom:video-decoder-ogg-theora: a1e56fd34408186e4bbccfd4996cb3dc -> 
  custom:container-muxer-webm: aa71ff27fc2769a1b78a27578f13a17b -> 
  custom:container-demuxer-webm: 4f35f7cbe854078d1ac9338744f61a02 -> 
  custom:video-encoder-webm-vp8: eb34c28f22e8b96e1ab97ce403110664 -> 
  custom:audio-encoder-webm-vorbis: bf7c407c2cedff20999df2af8eb42d56 -> 
  custom:framework-win-MediaFoundation: 216162199b28c13a410421893ffa2e32 -> 
  custom:container-demuxer-ogg: 62fdf1f143b41e24485cea50d1cbac27 -> 
  custom:video-decoder-webm-vp8: 9c59270c3fd7afecdb556c50c9e8de78 -> 
  custom:audio-decoder-ogg-vorbis: bf7c407c2cedff20999df2af8eb42d56 -> 
========================================================================
Received Import Request.
  Time since last request: 96.609749 seconds.
  path: Assets/Scripts/UI/Menu/MenuController.cs
  artifactKey: Guid(8b8ce298c1da95e4aa283502a2596ed7) Importer(815301076,1909f56bfc062723c751e8b465ee728b)
Start importing Assets/Scripts/UI/Menu/MenuController.cs using Guid(8b8ce298c1da95e4aa283502a2596ed7) Importer(815301076,1909f56bfc062723c751e8b465ee728b)  -> (artifact id: '232601a5e07e4717773b7eca4dcec4d5') in 0.080622 seconds 
========================================================================
Received Import Request.
  Time since last request: 11.533503 seconds.
  path: Assets/Scripts/UI/Menu/MenuController.cs
  artifactKey: Guid(8b8ce298c1da95e4aa283502a2596ed7) Importer(815301076,1909f56bfc062723c751e8b465ee728b)
Start importing Assets/Scripts/UI/Menu/MenuController.cs using Guid(8b8ce298c1da95e4aa283502a2596ed7) Importer(815301076,1909f56bfc062723c751e8b465ee728b)  -> (artifact id: '8f78c93e6b8866f2c14bf25a3906f219') in 0.033038 seconds 
========================================================================
Received Prepare
Registering precompiled user dll's ...
Registered in 0.038267 seconds.
Begin MonoManager ReloadAssembly
Native extension for WindowsStandalone target not found
Native extension for WebGL target not found
Refreshing native plugins compatible for Editor in 6.04 ms, found 2 plugins.
Preloading 0 native plugins for Editor in 0.00 ms.
Mono: successfully reloaded assembly
- Completed reload, in 10.224 seconds
Domain Reload Profiling:
	ReloadAssembly (10252ms)
		BeginReloadAssembly (3819ms)
			ExecutionOrderSort (0ms)
			DisableScriptedObjects (206ms)
			BackupInstance (0ms)
			ReleaseScriptingObjects (0ms)
			CreateAndSetChildDomain (2813ms)
		EndReloadAssembly (5847ms)
			LoadAssemblies (732ms)
			RebuildTransferFunctionScriptingTraits (0ms)
			SetupTypeCache (1581ms)
			ReleaseScriptCaches (15ms)
			RebuildScriptCaches (219ms)
			SetupLoadedEditorAssemblies (2964ms)
				LogAssemblyErrors (0ms)
				InitializePlatformSupportModulesInManaged (238ms)
				SetLoadedEditorAssemblies (3ms)
				RefreshPlugins (6ms)
				BeforeProcessingInitializeOnLoad (721ms)
				ProcessInitializeOnLoadAttributes (1707ms)
				ProcessInitializeOnLoadMethodAttributes (268ms)
				AfterProcessingInitializeOnLoad (20ms)
				EditorAssembliesLoaded (0ms)
			ExecutionOrderSort2 (0ms)
			AwakeInstancesAfterBackupRestoration (40ms)
Platform modules already initialized, skipping
Refreshing native plugins compatible for Editor in 12.31 ms, found 2 plugins.
Preloading 0 native plugins for Editor in 0.00 ms.
Unloading 4087 Unused Serialized files (Serialized files now loaded: 0)
Unloading 23 unused Assets / (1.4 MB). Loaded Objects now: 4800.
Memory consumption went from 255.1 MB to 253.7 MB.
Total: 20.050100 ms (FindLiveObjects: 1.538000 ms CreateObjectMapping: 1.714300 ms MarkObjects: 13.623900 ms  DeleteObjects: 3.161900 ms)

AssetImportParameters requested are different than current active one (requested -> active):
  custom:video-decoder-ogg-theora: a1e56fd34408186e4bbccfd4996cb3dc -> 
  custom:container-muxer-webm: aa71ff27fc2769a1b78a27578f13a17b -> 
  custom:container-demuxer-webm: 4f35f7cbe854078d1ac9338744f61a02 -> 
  custom:video-encoder-webm-vp8: eb34c28f22e8b96e1ab97ce403110664 -> 
  custom:audio-encoder-webm-vorbis: bf7c407c2cedff20999df2af8eb42d56 -> 
  custom:framework-win-MediaFoundation: 216162199b28c13a410421893ffa2e32 -> 
  custom:container-demuxer-ogg: 62fdf1f143b41e24485cea50d1cbac27 -> 
  custom:video-decoder-webm-vp8: 9c59270c3fd7afecdb556c50c9e8de78 -> 
  custom:audio-decoder-ogg-vorbis: bf7c407c2cedff20999df2af8eb42d56 -> 
========================================================================
Received Import Request.
  Time since last request: 86.152818 seconds.
  path: Assets/Scripts/UI/Menu/MenuController.cs
  artifactKey: Guid(8b8ce298c1da95e4aa283502a2596ed7) Importer(815301076,1909f56bfc062723c751e8b465ee728b)
Start importing Assets/Scripts/UI/Menu/MenuController.cs using Guid(8b8ce298c1da95e4aa283502a2596ed7) Importer(815301076,1909f56bfc062723c751e8b465ee728b)  -> (artifact id: '45339ceb8e2239066f3f17c802a1757e') in 0.345045 seconds 
========================================================================
Received Prepare
Registering precompiled user dll's ...
Registered in 0.011323 seconds.
Begin MonoManager ReloadAssembly
Native extension for WindowsStandalone target not found
Native extension for WebGL target not found
Refreshing native plugins compatible for Editor in 2.53 ms, found 2 plugins.
Preloading 0 native plugins for Editor in 0.00 ms.
Mono: successfully reloaded assembly
- Completed reload, in 12.096 seconds
Domain Reload Profiling:
	ReloadAssembly (12104ms)
		BeginReloadAssembly (3824ms)
			ExecutionOrderSort (0ms)
			DisableScriptedObjects (810ms)
			BackupInstance (0ms)
			ReleaseScriptingObjects (5ms)
			CreateAndSetChildDomain (1943ms)
		EndReloadAssembly (7178ms)
			LoadAssemblies (1351ms)
			RebuildTransferFunctionScriptingTraits (8ms)
			SetupTypeCache (3678ms)
			ReleaseScriptCaches (15ms)
			RebuildScriptCaches (196ms)
			SetupLoadedEditorAssemblies (2011ms)
				LogAssemblyErrors (0ms)
				InitializePlatformSupportModulesInManaged (47ms)
				SetLoadedEditorAssemblies (5ms)
				RefreshPlugins (3ms)
				BeforeProcessingInitializeOnLoad (211ms)
				ProcessInitializeOnLoadAttributes (1341ms)
				ProcessInitializeOnLoadMethodAttributes (380ms)
				AfterProcessingInitializeOnLoad (22ms)
				EditorAssembliesLoaded (2ms)
			ExecutionOrderSort2 (0ms)
			AwakeInstancesAfterBackupRestoration (50ms)
Platform modules already initialized, skipping
Refreshing native plugins compatible for Editor in 20.19 ms, found 2 plugins.
Preloading 0 native plugins for Editor in 0.00 ms.
Unloading 4087 Unused Serialized files (Serialized files now loaded: 0)
Unloading 23 unused Assets / (1.4 MB). Loaded Objects now: 4803.
Memory consumption went from 255.1 MB to 253.7 MB.
Total: 60.944000 ms (FindLiveObjects: 2.571600 ms CreateObjectMapping: 1.033600 ms MarkObjects: 54.369200 ms  DeleteObjects: 2.965300 ms)

AssetImportParameters requested are different than current active one (requested -> active):
  custom:video-decoder-ogg-theora: a1e56fd34408186e4bbccfd4996cb3dc -> 
  custom:container-muxer-webm: aa71ff27fc2769a1b78a27578f13a17b -> 
  custom:container-demuxer-webm: 4f35f7cbe854078d1ac9338744f61a02 -> 
  custom:video-encoder-webm-vp8: eb34c28f22e8b96e1ab97ce403110664 -> 
  custom:audio-encoder-webm-vorbis: bf7c407c2cedff20999df2af8eb42d56 -> 
  custom:framework-win-MediaFoundation: 216162199b28c13a410421893ffa2e32 -> 
  custom:container-demuxer-ogg: 62fdf1f143b41e24485cea50d1cbac27 -> 
  custom:video-decoder-webm-vp8: 9c59270c3fd7afecdb556c50c9e8de78 -> 
  custom:audio-decoder-ogg-vorbis: bf7c407c2cedff20999df2af8eb42d56 -> 
========================================================================
Received Import Request.
  Time since last request: 66.703150 seconds.
  path: Assets/Scripts/UI/Menu/MenuController.cs
  artifactKey: Guid(8b8ce298c1da95e4aa283502a2596ed7) Importer(815301076,1909f56bfc062723c751e8b465ee728b)
Start importing Assets/Scripts/UI/Menu/MenuController.cs using Guid(8b8ce298c1da95e4aa283502a2596ed7) Importer(815301076,1909f56bfc062723c751e8b465ee728b)  -> (artifact id: '9aa1a85f380ca019e6bccea4f27a3987') in 0.486956 seconds 
========================================================================
Received Import Request.
  Time since last request: 7.805526 seconds.
  path: Assets/Scripts/UI/Menu/MenuController.cs
  artifactKey: Guid(8b8ce298c1da95e4aa283502a2596ed7) Importer(815301076,1909f56bfc062723c751e8b465ee728b)
Start importing Assets/Scripts/UI/Menu/MenuController.cs using Guid(8b8ce298c1da95e4aa283502a2596ed7) Importer(815301076,1909f56bfc062723c751e8b465ee728b)  -> (artifact id: '714ad3fb4015f02cbc62beefe79d56d6') in 0.012016 seconds 
========================================================================
Received Prepare
Registering precompiled user dll's ...
Registered in 0.049042 seconds.
Begin MonoManager ReloadAssembly
Native extension for WindowsStandalone target not found
Native extension for WebGL target not found
Refreshing native plugins compatible for Editor in 16.44 ms, found 2 plugins.
Preloading 0 native plugins for Editor in 0.00 ms.
Mono: successfully reloaded assembly
- Completed reload, in  5.665 seconds
Domain Reload Profiling:
	ReloadAssembly (5669ms)
		BeginReloadAssembly (1677ms)
			ExecutionOrderSort (0ms)
			DisableScriptedObjects (139ms)
			BackupInstance (0ms)
			ReleaseScriptingObjects (0ms)
			CreateAndSetChildDomain (863ms)
		EndReloadAssembly (3705ms)
			LoadAssemblies (470ms)
			RebuildTransferFunctionScriptingTraits (2ms)
			SetupTypeCache (1062ms)
			ReleaseScriptCaches (11ms)
			RebuildScriptCaches (331ms)
			SetupLoadedEditorAssemblies (1402ms)
				LogAssemblyErrors (0ms)
				InitializePlatformSupportModulesInManaged (48ms)
				SetLoadedEditorAssemblies (4ms)
				RefreshPlugins (17ms)
				BeforeProcessingInitializeOnLoad (243ms)
				ProcessInitializeOnLoadAttributes (799ms)
				ProcessInitializeOnLoadMethodAttributes (267ms)
				AfterProcessingInitializeOnLoad (23ms)
				EditorAssembliesLoaded (1ms)
			ExecutionOrderSort2 (0ms)
			AwakeInstancesAfterBackupRestoration (37ms)
Platform modules already initialized, skipping
Refreshing native plugins compatible for Editor in 5.88 ms, found 2 plugins.
Preloading 0 native plugins for Editor in 0.00 ms.
Unloading 4087 Unused Serialized files (Serialized files now loaded: 0)
Unloading 23 unused Assets / (1.4 MB). Loaded Objects now: 4806.
Memory consumption went from 255.1 MB to 253.7 MB.
Total: 18.839900 ms (FindLiveObjects: 0.837100 ms CreateObjectMapping: 0.609800 ms MarkObjects: 14.796300 ms  DeleteObjects: 2.593700 ms)

AssetImportParameters requested are different than current active one (requested -> active):
  custom:video-decoder-ogg-theora: a1e56fd34408186e4bbccfd4996cb3dc -> 
  custom:container-muxer-webm: aa71ff27fc2769a1b78a27578f13a17b -> 
  custom:container-demuxer-webm: 4f35f7cbe854078d1ac9338744f61a02 -> 
  custom:video-encoder-webm-vp8: eb34c28f22e8b96e1ab97ce403110664 -> 
  custom:audio-encoder-webm-vorbis: bf7c407c2cedff20999df2af8eb42d56 -> 
  custom:framework-win-MediaFoundation: 216162199b28c13a410421893ffa2e32 -> 
  custom:container-demuxer-ogg: 62fdf1f143b41e24485cea50d1cbac27 -> 
  custom:video-decoder-webm-vp8: 9c59270c3fd7afecdb556c50c9e8de78 -> 
  custom:audio-decoder-ogg-vorbis: bf7c407c2cedff20999df2af8eb42d56 -> 
========================================================================
Received Import Request.
  Time since last request: 122.663338 seconds.
  path: Assets/Scripts/UI/Menu/MenuController.cs
  artifactKey: Guid(8b8ce298c1da95e4aa283502a2596ed7) Importer(815301076,1909f56bfc062723c751e8b465ee728b)
Start importing Assets/Scripts/UI/Menu/MenuController.cs using Guid(8b8ce298c1da95e4aa283502a2596ed7) Importer(815301076,1909f56bfc062723c751e8b465ee728b)  -> (artifact id: 'b9cb869ec858fda650684ffc593f09fb') in 0.488515 seconds 
========================================================================
Received Prepare
Registering precompiled user dll's ...
Registered in 0.175328 seconds.
Begin MonoManager ReloadAssembly
Native extension for WindowsStandalone target not found
Native extension for WebGL target not found
Refreshing native plugins compatible for Editor in 1.95 ms, found 2 plugins.
Preloading 0 native plugins for Editor in 0.00 ms.
Mono: successfully reloaded assembly
- Completed reload, in  5.299 seconds
Domain Reload Profiling:
	ReloadAssembly (5307ms)
		BeginReloadAssembly (2088ms)
			ExecutionOrderSort (1ms)
			DisableScriptedObjects (135ms)
			BackupInstance (0ms)
			ReleaseScriptingObjects (0ms)
			CreateAndSetChildDomain (1092ms)
		EndReloadAssembly (2941ms)
			LoadAssemblies (713ms)
			RebuildTransferFunctionScriptingTraits (1ms)
			SetupTypeCache (806ms)
			ReleaseScriptCaches (21ms)
			RebuildScriptCaches (374ms)
			SetupLoadedEditorAssemblies (1084ms)
				LogAssemblyErrors (0ms)
				InitializePlatformSupportModulesInManaged (26ms)
				SetLoadedEditorAssemblies (2ms)
				RefreshPlugins (2ms)
				BeforeProcessingInitializeOnLoad (162ms)
				ProcessInitializeOnLoadAttributes (714ms)
				ProcessInitializeOnLoadMethodAttributes (165ms)
				AfterProcessingInitializeOnLoad (12ms)
				EditorAssembliesLoaded (0ms)
			ExecutionOrderSort2 (0ms)
			AwakeInstancesAfterBackupRestoration (21ms)
Platform modules already initialized, skipping
Refreshing native plugins compatible for Editor in 10.29 ms, found 2 plugins.
Preloading 0 native plugins for Editor in 0.00 ms.
Unloading 4087 Unused Serialized files (Serialized files now loaded: 0)
Unloading 23 unused Assets / (1.4 MB). Loaded Objects now: 4809.
Memory consumption went from 255.1 MB to 253.7 MB.
Total: 15.585700 ms (FindLiveObjects: 0.533500 ms CreateObjectMapping: 0.519100 ms MarkObjects: 12.676800 ms  DeleteObjects: 1.853700 ms)

AssetImportParameters requested are different than current active one (requested -> active):
  custom:video-decoder-ogg-theora: a1e56fd34408186e4bbccfd4996cb3dc -> 
  custom:container-muxer-webm: aa71ff27fc2769a1b78a27578f13a17b -> 
  custom:container-demuxer-webm: 4f35f7cbe854078d1ac9338744f61a02 -> 
  custom:video-encoder-webm-vp8: eb34c28f22e8b96e1ab97ce403110664 -> 
  custom:audio-encoder-webm-vorbis: bf7c407c2cedff20999df2af8eb42d56 -> 
  custom:framework-win-MediaFoundation: 216162199b28c13a410421893ffa2e32 -> 
  custom:container-demuxer-ogg: 62fdf1f143b41e24485cea50d1cbac27 -> 
  custom:video-decoder-webm-vp8: 9c59270c3fd7afecdb556c50c9e8de78 -> 
  custom:audio-decoder-ogg-vorbis: bf7c407c2cedff20999df2af8eb42d56 -> 
========================================================================
Received Import Request.
  Time since last request: 85.966663 seconds.
  path: Assets/Scripts/UI/Menu/MenuController.cs
  artifactKey: Guid(8b8ce298c1da95e4aa283502a2596ed7) Importer(815301076,1909f56bfc062723c751e8b465ee728b)
Start importing Assets/Scripts/UI/Menu/MenuController.cs using Guid(8b8ce298c1da95e4aa283502a2596ed7) Importer(815301076,1909f56bfc062723c751e8b465ee728b)  -> (artifact id: '5f8e6c013ba5fbd35b398d7b3a0bed9b') in 0.809573 seconds 
========================================================================
Received Import Request.
  Time since last request: 31.229480 seconds.
  path: Assets/Scripts/UI/Menu/MenuController.cs
  artifactKey: Guid(8b8ce298c1da95e4aa283502a2596ed7) Importer(815301076,1909f56bfc062723c751e8b465ee728b)
Start importing Assets/Scripts/UI/Menu/MenuController.cs using Guid(8b8ce298c1da95e4aa283502a2596ed7) Importer(815301076,1909f56bfc062723c751e8b465ee728b)  -> (artifact id: '497689526ae5e89b545cabccf38f7156') in 0.008398 seconds 
========================================================================
Received Import Request.
  Time since last request: 13.529199 seconds.
  path: Assets/Scripts/UI/Menu/MenuController.cs
  artifactKey: Guid(8b8ce298c1da95e4aa283502a2596ed7) Importer(815301076,1909f56bfc062723c751e8b465ee728b)
Start importing Assets/Scripts/UI/Menu/MenuController.cs using Guid(8b8ce298c1da95e4aa283502a2596ed7) Importer(815301076,1909f56bfc062723c751e8b465ee728b)  -> (artifact id: '0d2ec9c9f320b12f851a0f156dcd84d7') in 0.026642 seconds 
========================================================================
Received Import Request.
  Time since last request: 68.318132 seconds.
  path: Assets/Scripts/UI/Menu/MenuController.cs
  artifactKey: Guid(8b8ce298c1da95e4aa283502a2596ed7) Importer(815301076,1909f56bfc062723c751e8b465ee728b)
Start importing Assets/Scripts/UI/Menu/MenuController.cs using Guid(8b8ce298c1da95e4aa283502a2596ed7) Importer(815301076,1909f56bfc062723c751e8b465ee728b)  -> (artifact id: 'b4990a6facec73e629c6b84f224a98a7') in 0.014079 seconds 
========================================================================
Received Import Request.
  Time since last request: 4.016130 seconds.
  path: Assets/Scripts/UI/Menu/MenuController.cs
  artifactKey: Guid(8b8ce298c1da95e4aa283502a2596ed7) Importer(815301076,1909f56bfc062723c751e8b465ee728b)
Start importing Assets/Scripts/UI/Menu/MenuController.cs using Guid(8b8ce298c1da95e4aa283502a2596ed7) Importer(815301076,1909f56bfc062723c751e8b465ee728b)  -> (artifact id: '51a92260f52e3afb027089a9a724a40f') in 0.007561 seconds 
========================================================================
Received Prepare
Registering precompiled user dll's ...
Registered in 0.013270 seconds.
Begin MonoManager ReloadAssembly
Native extension for WindowsStandalone target not found
Native extension for WebGL target not found
Refreshing native plugins compatible for Editor in 1.05 ms, found 2 plugins.
Preloading 0 native plugins for Editor in 0.00 ms.
Mono: successfully reloaded assembly
- Completed reload, in  5.194 seconds
Domain Reload Profiling:
	ReloadAssembly (5202ms)
		BeginReloadAssembly (2247ms)
			ExecutionOrderSort (1ms)
			DisableScriptedObjects (222ms)
			BackupInstance (0ms)
			ReleaseScriptingObjects (1ms)
			CreateAndSetChildDomain (1389ms)
		EndReloadAssembly (2455ms)
			LoadAssemblies (555ms)
			RebuildTransferFunctionScriptingTraits (0ms)
			SetupTypeCache (726ms)
			ReleaseScriptCaches (8ms)
			RebuildScriptCaches (140ms)
			SetupLoadedEditorAssemblies (1028ms)
				LogAssemblyErrors (0ms)
				InitializePlatformSupportModulesInManaged (32ms)
				SetLoadedEditorAssemblies (1ms)
				RefreshPlugins (1ms)
				BeforeProcessingInitializeOnLoad (167ms)
				ProcessInitializeOnLoadAttributes (589ms)
				ProcessInitializeOnLoadMethodAttributes (220ms)
				AfterProcessingInitializeOnLoad (17ms)
				EditorAssembliesLoaded (0ms)
			ExecutionOrderSort2 (0ms)
			AwakeInstancesAfterBackupRestoration (27ms)
Platform modules already initialized, skipping
Refreshing native plugins compatible for Editor in 23.62 ms, found 2 plugins.
Preloading 0 native plugins for Editor in 0.00 ms.
Unloading 4087 Unused Serialized files (Serialized files now loaded: 0)
Unloading 23 unused Assets / (1.4 MB). Loaded Objects now: 4812.
Memory consumption went from 255.1 MB to 253.7 MB.
Total: 84.573200 ms (FindLiveObjects: 15.173900 ms CreateObjectMapping: 7.365400 ms MarkObjects: 46.363600 ms  DeleteObjects: 15.665200 ms)

AssetImportParameters requested are different than current active one (requested -> active):
  custom:video-decoder-ogg-theora: a1e56fd34408186e4bbccfd4996cb3dc -> 
  custom:container-muxer-webm: aa71ff27fc2769a1b78a27578f13a17b -> 
  custom:container-demuxer-webm: 4f35f7cbe854078d1ac9338744f61a02 -> 
  custom:video-encoder-webm-vp8: eb34c28f22e8b96e1ab97ce403110664 -> 
  custom:audio-encoder-webm-vorbis: bf7c407c2cedff20999df2af8eb42d56 -> 
  custom:framework-win-MediaFoundation: 216162199b28c13a410421893ffa2e32 -> 
  custom:container-demuxer-ogg: 62fdf1f143b41e24485cea50d1cbac27 -> 
  custom:video-decoder-webm-vp8: 9c59270c3fd7afecdb556c50c9e8de78 -> 
  custom:audio-decoder-ogg-vorbis: bf7c407c2cedff20999df2af8eb42d56 -> 
========================================================================
Received Import Request.
  Time since last request: 96.669370 seconds.
  path: Assets/Scripts/UI/Menu/MenuController.cs
  artifactKey: Guid(8b8ce298c1da95e4aa283502a2596ed7) Importer(815301076,1909f56bfc062723c751e8b465ee728b)
Start importing Assets/Scripts/UI/Menu/MenuController.cs using Guid(8b8ce298c1da95e4aa283502a2596ed7) Importer(815301076,1909f56bfc062723c751e8b465ee728b)  -> (artifact id: '4745e7a92bdfce049bac474fdb83033b') in 1.222136 seconds 
========================================================================
Received Import Request.
  Time since last request: 43.841546 seconds.
  path: Assets/Scripts/UI/Menu/MenuController.cs
  artifactKey: Guid(8b8ce298c1da95e4aa283502a2596ed7) Importer(815301076,1909f56bfc062723c751e8b465ee728b)
Start importing Assets/Scripts/UI/Menu/MenuController.cs using Guid(8b8ce298c1da95e4aa283502a2596ed7) Importer(815301076,1909f56bfc062723c751e8b465ee728b)  -> (artifact id: 'a3175d345ef465f8632cb5ffc573744f') in 0.019501 seconds 
========================================================================
Received Import Request.
  Time since last request: 18.822613 seconds.
  path: Assets/Scripts/UI/Menu/MenuController.cs
  artifactKey: Guid(8b8ce298c1da95e4aa283502a2596ed7) Importer(815301076,1909f56bfc062723c751e8b465ee728b)
Start importing Assets/Scripts/UI/Menu/MenuController.cs using Guid(8b8ce298c1da95e4aa283502a2596ed7) Importer(815301076,1909f56bfc062723c751e8b465ee728b)  -> (artifact id: '80c8ecf245474a906b17ed0c9c65ea97') in 0.019311 seconds 
========================================================================
Received Import Request.
  Time since last request: 10.106474 seconds.
  path: Assets/Scripts/UI/Menu/MenuController.cs
  artifactKey: Guid(8b8ce298c1da95e4aa283502a2596ed7) Importer(815301076,1909f56bfc062723c751e8b465ee728b)
Start importing Assets/Scripts/UI/Menu/MenuController.cs using Guid(8b8ce298c1da95e4aa283502a2596ed7) Importer(815301076,1909f56bfc062723c751e8b465ee728b)  -> (artifact id: '1089c37588d64b9b3bea4ccaa63dde8f') in 0.063460 seconds 
========================================================================
Received Import Request.
  Time since last request: 76.890518 seconds.
  path: Assets/Scripts/UI/Menu/MenuController.cs
  artifactKey: Guid(8b8ce298c1da95e4aa283502a2596ed7) Importer(815301076,1909f56bfc062723c751e8b465ee728b)
Start importing Assets/Scripts/UI/Menu/MenuController.cs using Guid(8b8ce298c1da95e4aa283502a2596ed7) Importer(815301076,1909f56bfc062723c751e8b465ee728b)  -> (artifact id: '36715c0c603acaf84f1554fb78df7d61') in 0.020183 seconds 
========================================================================
Received Import Request.
  Time since last request: 15.840544 seconds.
  path: Assets/Scripts/UI/Menu/MenuController.cs
  artifactKey: Guid(8b8ce298c1da95e4aa283502a2596ed7) Importer(815301076,1909f56bfc062723c751e8b465ee728b)
Start importing Assets/Scripts/UI/Menu/MenuController.cs using Guid(8b8ce298c1da95e4aa283502a2596ed7) Importer(815301076,1909f56bfc062723c751e8b465ee728b)  -> (artifact id: '6470c254f863e219a59b153339f2c228') in 0.043259 seconds 
========================================================================
Received Import Request.
  Time since last request: 46.845299 seconds.
  path: Assets/Scripts/UI/Menu/MenuController.cs
  artifactKey: Guid(8b8ce298c1da95e4aa283502a2596ed7) Importer(815301076,1909f56bfc062723c751e8b465ee728b)
Start importing Assets/Scripts/UI/Menu/MenuController.cs using Guid(8b8ce298c1da95e4aa283502a2596ed7) Importer(815301076,1909f56bfc062723c751e8b465ee728b)  -> (artifact id: '5fa2fde8db2321fceb18001fe3b9a2cd') in 0.019037 seconds 
========================================================================
Received Import Request.
  Time since last request: 23.516170 seconds.
  path: Assets/Scripts/UI/Menu/MenuController.cs
  artifactKey: Guid(8b8ce298c1da95e4aa283502a2596ed7) Importer(815301076,1909f56bfc062723c751e8b465ee728b)
Start importing Assets/Scripts/UI/Menu/MenuController.cs using Guid(8b8ce298c1da95e4aa283502a2596ed7) Importer(815301076,1909f56bfc062723c751e8b465ee728b)  -> (artifact id: '023697e7b3473e86d0415bea63aec060') in 0.012249 seconds 
========================================================================
Received Import Request.
  Time since last request: 26.876548 seconds.
  path: Assets/Scripts/UI/Menu/MenuController.cs
  artifactKey: Guid(8b8ce298c1da95e4aa283502a2596ed7) Importer(815301076,1909f56bfc062723c751e8b465ee728b)
Start importing Assets/Scripts/UI/Menu/MenuController.cs using Guid(8b8ce298c1da95e4aa283502a2596ed7) Importer(815301076,1909f56bfc062723c751e8b465ee728b)  -> (artifact id: '7cfee506f67eb1de7fceab7e67a83dde') in 0.006225 seconds 
========================================================================
Received Import Request.
  Time since last request: 5.139697 seconds.
  path: Assets/Scripts/UI/Menu/MenuController.cs
  artifactKey: Guid(8b8ce298c1da95e4aa283502a2596ed7) Importer(815301076,1909f56bfc062723c751e8b465ee728b)
Start importing Assets/Scripts/UI/Menu/MenuController.cs using Guid(8b8ce298c1da95e4aa283502a2596ed7) Importer(815301076,1909f56bfc062723c751e8b465ee728b)  -> (artifact id: '294afb15ed797d6ddb61833c3fad8b77') in 0.008549 seconds 
========================================================================
Received Import Request.
  Time since last request: 32.255137 seconds.
  path: Assets/Scripts/UI/Menu/MenuController.cs
  artifactKey: Guid(8b8ce298c1da95e4aa283502a2596ed7) Importer(815301076,1909f56bfc062723c751e8b465ee728b)
Start importing Assets/Scripts/UI/Menu/MenuController.cs using Guid(8b8ce298c1da95e4aa283502a2596ed7) Importer(815301076,1909f56bfc062723c751e8b465ee728b)  -> (artifact id: 'c9ae6c237183612d2a7fa3534e2c2f42') in 0.037003 seconds 
========================================================================
Received Import Request.
  Time since last request: 80.418902 seconds.
  path: Assets/UI/Styles/SettingsTemplate.uxml
  artifactKey: Guid(5afcb12668287c746a4d4bb382b7e3fe) Importer(815301076,1909f56bfc062723c751e8b465ee728b)
Start importing Assets/UI/Styles/SettingsTemplate.uxml using Guid(5afcb12668287c746a4d4bb382b7e3fe) Importer(815301076,1909f56bfc062723c751e8b465ee728b)  -> (artifact id: '0e62f98cb95590572a3d6381754a6c57') in 0.927117 seconds 
========================================================================
Received Import Request.
  Time since last request: 62.358263 seconds.
  path: Assets/UI/Styles/SettingsTemplate.uxml
  artifactKey: Guid(5afcb12668287c746a4d4bb382b7e3fe) Importer(815301076,1909f56bfc062723c751e8b465ee728b)
Start importing Assets/UI/Styles/SettingsTemplate.uxml using Guid(5afcb12668287c746a4d4bb382b7e3fe) Importer(815301076,1909f56bfc062723c751e8b465ee728b)  -> (artifact id: '1eb9da21a549c01a19f452da73eb5be9') in 0.173499 seconds 
========================================================================
Received Import Request.
  Time since last request: 57.719204 seconds.
  path: Assets/UI/Styles/SettingsTemplate.uxml
  artifactKey: Guid(5afcb12668287c746a4d4bb382b7e3fe) Importer(815301076,1909f56bfc062723c751e8b465ee728b)
Start importing Assets/UI/Styles/SettingsTemplate.uxml using Guid(5afcb12668287c746a4d4bb382b7e3fe) Importer(815301076,1909f56bfc062723c751e8b465ee728b)  -> (artifact id: '7a276496b3995820fc38526d4215db4d') in 0.020362 seconds 
========================================================================
Received Prepare
Registering precompiled user dll's ...
Registered in 0.012582 seconds.
Begin MonoManager ReloadAssembly
Native extension for WindowsStandalone target not found
Native extension for WebGL target not found
Refreshing native plugins compatible for Editor in 1.55 ms, found 2 plugins.
Preloading 0 native plugins for Editor in 0.00 ms.
Mono: successfully reloaded assembly
- Completed reload, in  3.659 seconds
Domain Reload Profiling:
	ReloadAssembly (3666ms)
		BeginReloadAssembly (1372ms)
			ExecutionOrderSort (0ms)
			DisableScriptedObjects (226ms)
			BackupInstance (0ms)
			ReleaseScriptingObjects (1ms)
			CreateAndSetChildDomain (627ms)
		EndReloadAssembly (2077ms)
			LoadAssemblies (460ms)
			RebuildTransferFunctionScriptingTraits (0ms)
			SetupTypeCache (694ms)
			ReleaseScriptCaches (14ms)
			RebuildScriptCaches (157ms)
			SetupLoadedEditorAssemblies (747ms)
				LogAssemblyErrors (0ms)
				InitializePlatformSupportModulesInManaged (26ms)
				SetLoadedEditorAssemblies (1ms)
				RefreshPlugins (2ms)
				BeforeProcessingInitializeOnLoad (129ms)
				ProcessInitializeOnLoadAttributes (421ms)
				ProcessInitializeOnLoadMethodAttributes (152ms)
				AfterProcessingInitializeOnLoad (16ms)
				EditorAssembliesLoaded (0ms)
			ExecutionOrderSort2 (0ms)
			AwakeInstancesAfterBackupRestoration (23ms)
Platform modules already initialized, skipping
Refreshing native plugins compatible for Editor in 7.32 ms, found 2 plugins.
Preloading 0 native plugins for Editor in 0.00 ms.
Unloading 4087 Unused Serialized files (Serialized files now loaded: 0)
Unloading 23 unused Assets / (1.4 MB). Loaded Objects now: 4815.
Memory consumption went from 255.1 MB to 253.7 MB.
Total: 18.277400 ms (FindLiveObjects: 1.528500 ms CreateObjectMapping: 0.985200 ms MarkObjects: 14.415100 ms  DeleteObjects: 1.344500 ms)

AssetImportParameters requested are different than current active one (requested -> active):
  custom:video-decoder-ogg-theora: a1e56fd34408186e4bbccfd4996cb3dc -> 
  custom:container-muxer-webm: aa71ff27fc2769a1b78a27578f13a17b -> 
  custom:container-demuxer-webm: 4f35f7cbe854078d1ac9338744f61a02 -> 
  custom:video-encoder-webm-vp8: eb34c28f22e8b96e1ab97ce403110664 -> 
  custom:audio-encoder-webm-vorbis: bf7c407c2cedff20999df2af8eb42d56 -> 
  custom:framework-win-MediaFoundation: 216162199b28c13a410421893ffa2e32 -> 
  custom:container-demuxer-ogg: 62fdf1f143b41e24485cea50d1cbac27 -> 
  custom:video-decoder-webm-vp8: 9c59270c3fd7afecdb556c50c9e8de78 -> 
  custom:audio-decoder-ogg-vorbis: bf7c407c2cedff20999df2af8eb42d56 -> 
========================================================================
Received Import Request.
  Time since last request: 270.072397 seconds.
  path: Assets/UI/Styles/SettingsTemplate.uxml
  artifactKey: Guid(5afcb12668287c746a4d4bb382b7e3fe) Importer(815301076,1909f56bfc062723c751e8b465ee728b)
Start importing Assets/UI/Styles/SettingsTemplate.uxml using Guid(5afcb12668287c746a4d4bb382b7e3fe) Importer(815301076,1909f56bfc062723c751e8b465ee728b)  -> (artifact id: '4fd99aa99dd65a66703ca6e6b71d5782') in 1.735864 seconds 
