Using pre-set license
Built from '2020.3/staging' branch; Version is '2020.3.19f1 (68f137dc9bbe) revision 6877495'; Using compiler version '192528614'; Build Type 'Release'
OS: 'Windows 10 Education; OS build 19044.1766; Version 2009; 64bit' Language: 'cs' Physical Memory: 6077 MB
BatchMode: 1, IsHumanControllingUs: 0, StartBugReporterOnCrash: 0, Is64bit: 1, IsPro: 0

COMMAND LINE ARGUMENTS:
C:\Program Files\Unity\Hub\Editor\2020.3.19f1\Editor\Unity.exe
-adb2
-batchMode
-noUpm
-name
AssetImportWorker0
-projectPath
C:/Projects/pers/perseverantia/perseverantia
-logFile
Logs/AssetImportWorker0.log
-srvPort
62199
Successfully changed project path to: C:/Projects/pers/perseverantia/perseverantia
C:/Projects/pers/perseverantia/perseverantia
Using Asset Import Pipeline V2.
Unable to join player connection multicast group.
Refreshing native plugins compatible for Editor in 118.09 ms, found 2 plugins.
Preloading 0 native plugins for Editor in 0.00 ms.
Initialize engine version: 2020.3.19f1 (68f137dc9bbe)
[Subsystems] Discovering subsystems at path C:/Program Files/Unity/Hub/Editor/2020.3.19f1/Editor/Data/Resources/UnitySubsystems
[Subsystems] Discovering subsystems at path C:/Projects/pers/perseverantia/perseverantia/Assets
GfxDevice: creating device client; threaded=0
Direct3D:
    Version:  Direct3D 11.0 [level 11.1]
    Renderer: NVIDIA GeForce GTX 1650 (ID=0x1f91)
    Vendor:   
    VRAM:     3962 MB
    Driver:   30.0.15.1278
Initialize mono
Mono path[0] = 'C:/Program Files/Unity/Hub/Editor/2020.3.19f1/Editor/Data/Managed'
Mono path[1] = 'C:/Program Files/Unity/Hub/Editor/2020.3.19f1/Editor/Data/MonoBleedingEdge/lib/mono/unityjit'
Mono config path = 'C:/Program Files/Unity/Hub/Editor/2020.3.19f1/Editor/Data/MonoBleedingEdge/etc'
Using monoOptions --debugger-agent=transport=dt_socket,embedding=1,server=y,suspend=n,address=127.0.0.1:56812
Begin MonoManager ReloadAssembly
Registering precompiled unity dll's ...
Register platform support module: C:/Program Files/Unity/Hub/Editor/2020.3.19f1/Editor/Data/PlaybackEngines/WebGLSupport/UnityEditor.WebGL.Extensions.dll
Register platform support module: C:/Program Files/Unity/Hub/Editor/2020.3.19f1/Editor/Data/PlaybackEngines/WindowsStandaloneSupport/UnityEditor.WindowsStandalone.Extensions.dll
Registered in 0.005777 seconds.
Native extension for WindowsStandalone target not found
Native extension for WebGL target not found
Refreshing native plugins compatible for Editor in 76.56 ms, found 2 plugins.
Preloading 0 native plugins for Editor in 0.00 ms.
Mono: successfully reloaded assembly
- Completed reload, in  7.374 seconds
Domain Reload Profiling:
	ReloadAssembly (7374ms)
		BeginReloadAssembly (122ms)
			ExecutionOrderSort (0ms)
			DisableScriptedObjects (0ms)
			BackupInstance (0ms)
			ReleaseScriptingObjects (0ms)
			CreateAndSetChildDomain (1ms)
		EndReloadAssembly (590ms)
			LoadAssemblies (119ms)
			RebuildTransferFunctionScriptingTraits (0ms)
			SetupTypeCache (199ms)
			ReleaseScriptCaches (0ms)
			RebuildScriptCaches (34ms)
			SetupLoadedEditorAssemblies (255ms)
				LogAssemblyErrors (0ms)
				InitializePlatformSupportModulesInManaged (8ms)
				SetLoadedEditorAssemblies (0ms)
				RefreshPlugins (77ms)
				BeforeProcessingInitializeOnLoad (16ms)
				ProcessInitializeOnLoadAttributes (113ms)
				ProcessInitializeOnLoadMethodAttributes (40ms)
				AfterProcessingInitializeOnLoad (0ms)
				EditorAssembliesLoaded (0ms)
			ExecutionOrderSort2 (0ms)
			AwakeInstancesAfterBackupRestoration (0ms)
Platform modules already initialized, skipping
Registering precompiled user dll's ...
Registered in 0.014863 seconds.
Begin MonoManager ReloadAssembly
Native extension for WindowsStandalone target not found
Native extension for WebGL target not found
Refreshing native plugins compatible for Editor in 86.68 ms, found 2 plugins.
Preloading 0 native plugins for Editor in 0.00 ms.
Mono: successfully reloaded assembly
- Completed reload, in  1.777 seconds
Domain Reload Profiling:
	ReloadAssembly (1779ms)
		BeginReloadAssembly (211ms)
			ExecutionOrderSort (0ms)
			DisableScriptedObjects (8ms)
			BackupInstance (0ms)
			ReleaseScriptingObjects (0ms)
			CreateAndSetChildDomain (27ms)
		EndReloadAssembly (1470ms)
			LoadAssemblies (192ms)
			RebuildTransferFunctionScriptingTraits (0ms)
			SetupTypeCache (450ms)
			ReleaseScriptCaches (1ms)
			RebuildScriptCaches (98ms)
			SetupLoadedEditorAssemblies (571ms)
				LogAssemblyErrors (0ms)
				InitializePlatformSupportModulesInManaged (7ms)
				SetLoadedEditorAssemblies (0ms)
				RefreshPlugins (87ms)
				BeforeProcessingInitializeOnLoad (134ms)
				ProcessInitializeOnLoadAttributes (316ms)
				ProcessInitializeOnLoadMethodAttributes (18ms)
				AfterProcessingInitializeOnLoad (10ms)
				EditorAssembliesLoaded (0ms)
			ExecutionOrderSort2 (0ms)
			AwakeInstancesAfterBackupRestoration (10ms)
Platform modules already initialized, skipping
========================================================================
Worker process is ready to serve import requests
Launched and connected shader compiler UnityShaderCompiler.exe after 0.08 seconds
Refreshing native plugins compatible for Editor in 0.84 ms, found 2 plugins.
Preloading 0 native plugins for Editor in 0.00 ms.
Unloading 3423 Unused Serialized files (Serialized files now loaded: 0)
System memory in use before: 149.3 MB.
System memory in use after: 149.5 MB.

Unloading 21 unused Assets to reduce memory usage. Loaded Objects now: 3868.
Total: 5.011900 ms (FindLiveObjects: 0.434800 ms CreateObjectMapping: 0.138000 ms MarkObjects: 4.320500 ms  DeleteObjects: 0.116800 ms)

AssetImportParameters requested are different than current active one (requested -> active):
  custom:framework-win-MediaFoundation: 216162199b28c13a410421893ffa2e32 -> 
  custom:video-decoder-ogg-theora: a1e56fd34408186e4bbccfd4996cb3dc -> 
  custom:container-muxer-webm: aa71ff27fc2769a1b78a27578f13a17b -> 
  custom:container-demuxer-webm: 4f35f7cbe854078d1ac9338744f61a02 -> 
  custom:container-demuxer-ogg: 62fdf1f143b41e24485cea50d1cbac27 -> 
  custom:video-encoder-webm-vp8: eb34c28f22e8b96e1ab97ce403110664 -> 
  custom:video-decoder-webm-vp8: 9c59270c3fd7afecdb556c50c9e8de78 -> 
  custom:audio-decoder-ogg-vorbis: bf7c407c2cedff20999df2af8eb42d56 -> 
  custom:audio-encoder-webm-vorbis: bf7c407c2cedff20999df2af8eb42d56 -> 
========================================================================
Received Import Request.
  path: Assets/Models/Tower/Lamp
  artifactKey: Guid(835f1921056b2ae4484d4a75f95c4a3a) Importer(815301076,1909f56bfc062723c751e8b465ee728b)
Start importing Assets/Models/Tower/Lamp using Guid(835f1921056b2ae4484d4a75f95c4a3a) Importer(815301076,1909f56bfc062723c751e8b465ee728b)  -> (artifact id: '5d5e9de0ab530e721b89e996ac0a5616') in 0.016751 seconds 
  Import took 0.024471 seconds .

========================================================================
Received Import Request.
  Time since last request: 10.084708 seconds.
  path: Assets/Prefabs/Tower.prefab
  artifactKey: Guid(86e06a54a3f113d4ab558d54fc586515) Importer(815301076,1909f56bfc062723c751e8b465ee728b)
Start importing Assets/Prefabs/Tower.prefab using Guid(86e06a54a3f113d4ab558d54fc586515) Importer(815301076,1909f56bfc062723c751e8b465ee728b)  -> (artifact id: '351d1885ba02dba70b7bc2bd2f06a365') in 0.373028 seconds 
  Import took 0.381539 seconds .

========================================================================
Received Import Request.
  Time since last request: 32.956429 seconds.
  path: Assets/Prefabs/Tower - Lamp.prefab
  artifactKey: Guid(9b631cb55128c424f9a1a9d4fa4ad481) Importer(815301076,1909f56bfc062723c751e8b465ee728b)
Start importing Assets/Prefabs/Tower - Lamp.prefab using Guid(9b631cb55128c424f9a1a9d4fa4ad481) Importer(815301076,1909f56bfc062723c751e8b465ee728b)  -> (artifact id: '3b1246e96fda0c6e2ed98d0ede40bdc6') in 0.050083 seconds 
  Import took 0.058786 seconds .

========================================================================
Received Import Request.
  Time since last request: 4.421654 seconds.
  path: Assets/Prefabs/Tile.prefab
  artifactKey: Guid(76b80edd4d6ee4541879512905aa67c4) Importer(815301076,1909f56bfc062723c751e8b465ee728b)
Start importing Assets/Prefabs/Tile.prefab using Guid(76b80edd4d6ee4541879512905aa67c4) Importer(815301076,1909f56bfc062723c751e8b465ee728b)  -> (artifact id: '07762657300661d3bc1f1fc8c9b788e8') in 0.115125 seconds 
  Import took 0.123773 seconds .

========================================================================
Received Import Request.
  Time since last request: 16.185313 seconds.
  path: Assets/Models/Tower/Lamp/lamp.fbx
  artifactKey: Guid(97a049ddd6184544c98c908a2002441b) Importer(815301076,1909f56bfc062723c751e8b465ee728b)
Start importing Assets/Models/Tower/Lamp/lamp.fbx using Guid(97a049ddd6184544c98c908a2002441b) Importer(815301076,1909f56bfc062723c751e8b465ee728b)  -> (artifact id: '08f9a3a1ea2e54dd8ba81b65681bcd94') in 0.206710 seconds 
  Import took 0.214557 seconds .

========================================================================
Received Import Request.
  Time since last request: 159.353306 seconds.
  path: Assets/Prefabs/Tower - Lamp.prefab
  artifactKey: Guid(9b631cb55128c424f9a1a9d4fa4ad481) Importer(815301076,1909f56bfc062723c751e8b465ee728b)
Start importing Assets/Prefabs/Tower - Lamp.prefab using Guid(9b631cb55128c424f9a1a9d4fa4ad481) Importer(815301076,1909f56bfc062723c751e8b465ee728b)  -> (artifact id: 'bdc1faa34cae926eed90359600f20522') in 0.046351 seconds 
  Import took 0.056350 seconds .

========================================================================
Received Import Request.
  Time since last request: 51.324276 seconds.
  path: Assets/Prefabs/Tower 1.prefab
  artifactKey: Guid(c8501fe4d212fb34992e57ed01684e8f) Importer(815301076,1909f56bfc062723c751e8b465ee728b)
Start importing Assets/Prefabs/Tower 1.prefab using Guid(c8501fe4d212fb34992e57ed01684e8f) Importer(815301076,1909f56bfc062723c751e8b465ee728b)  -> (artifact id: 'd3cbfe74ff6d27078da5721c3e141942') in 0.041523 seconds 
  Import took 0.050106 seconds .

========================================================================
Received Import Request.
  Time since last request: 76.672486 seconds.
  path: Assets/Models/Tower/Lamp/Textures
  artifactKey: Guid(2687dad889ecba24b8d49fd4033c1ae4) Importer(815301076,1909f56bfc062723c751e8b465ee728b)
Start importing Assets/Models/Tower/Lamp/Textures using Guid(2687dad889ecba24b8d49fd4033c1ae4) Importer(815301076,1909f56bfc062723c751e8b465ee728b)  -> (artifact id: '730dc1a37eb3e68d07bd0d2dea183ce9') in 0.011266 seconds 
  Import took 0.020963 seconds .

========================================================================
Received Import Request.
  Time since last request: 59.337986 seconds.
  path: Assets/Models/Tower/Lamp/lamp.fbx
  artifactKey: Guid(97a049ddd6184544c98c908a2002441b) Importer(815301076,1909f56bfc062723c751e8b465ee728b)
Start importing Assets/Models/Tower/Lamp/lamp.fbx using Guid(97a049ddd6184544c98c908a2002441b) Importer(815301076,1909f56bfc062723c751e8b465ee728b)  -> (artifact id: '2c65dde76abac31fcfe9d96d7ae681fd') in 0.086605 seconds 
  Import took 0.094029 seconds .

========================================================================
Received Import Request.
  Time since last request: 15.679194 seconds.
  path: Assets/Models/baseTexture.png
  artifactKey: Guid(3c1d73b8a8a2ba44eae450419498d0e6) Importer(815301076,1909f56bfc062723c751e8b465ee728b)
Start importing Assets/Models/baseTexture.png using Guid(3c1d73b8a8a2ba44eae450419498d0e6) Importer(815301076,1909f56bfc062723c751e8b465ee728b)  -> (artifact id: 'f614de731b28e8ba305aa694734adfdf') in 0.040917 seconds 
  Import took 0.050044 seconds .

========================================================================
Received Import Request.
  Time since last request: 0.000604 seconds.
  path: Assets/_External/Sprites/Tower Defense assets/PNG/Landscape/landscape_20.png
  artifactKey: Guid(ff9610a5f5b3cb847bee05b32f82505c) Importer(815301076,1909f56bfc062723c751e8b465ee728b)
Start importing Assets/_External/Sprites/Tower Defense assets/PNG/Landscape/landscape_20.png using Guid(ff9610a5f5b3cb847bee05b32f82505c) Importer(815301076,1909f56bfc062723c751e8b465ee728b)  -> (artifact id: '29e496a202e3a2ee589dccb94ca26a68') in 0.059033 seconds 
  Import took 0.066349 seconds .

========================================================================
Received Import Request.
  Time since last request: 0.000386 seconds.
  path: Assets/Models/Tower/Lamp/Textures/lamp_lamp_Normal.png
  artifactKey: Guid(220c4e79a6e96bb4abbb3a22e6ea95de) Importer(815301076,1909f56bfc062723c751e8b465ee728b)
Start importing Assets/Models/Tower/Lamp/Textures/lamp_lamp_Normal.png using Guid(220c4e79a6e96bb4abbb3a22e6ea95de) Importer(815301076,1909f56bfc062723c751e8b465ee728b)  -> (artifact id: '4b4296def2ac1ec20b79768fd14e794c') in 0.020966 seconds 
  Import took 0.029792 seconds .

========================================================================
Received Import Request.
  Time since last request: 0.000468 seconds.
  path: Assets/_External/Sprites/Tower Defense assets/PNG/Landscape/landscape_10.png
  artifactKey: Guid(30854987242b2684abff2653c0553b29) Importer(815301076,1909f56bfc062723c751e8b465ee728b)
Start importing Assets/_External/Sprites/Tower Defense assets/PNG/Landscape/landscape_10.png using Guid(30854987242b2684abff2653c0553b29) Importer(815301076,1909f56bfc062723c751e8b465ee728b)  -> (artifact id: '2bf22ac00f167ae8e6b0ad33ca2e9a47') in 0.046655 seconds 
  Import took 0.056620 seconds .

========================================================================
Received Import Request.
  Time since last request: 0.000375 seconds.
  path: Assets/_External/Sprites/Tower Defense assets/PNG/Landscape/landscape_34.png
  artifactKey: Guid(2f810c208ceda694d8a5af2410059a6e) Importer(815301076,1909f56bfc062723c751e8b465ee728b)
Start importing Assets/_External/Sprites/Tower Defense assets/PNG/Landscape/landscape_34.png using Guid(2f810c208ceda694d8a5af2410059a6e) Importer(815301076,1909f56bfc062723c751e8b465ee728b)  -> (artifact id: '388bbdbfc8bf38ee42ad653e2d05c8db') in 0.034896 seconds 
  Import took 0.042709 seconds .

========================================================================
Received Import Request.
  Time since last request: 0.000486 seconds.
  path: Assets/_External/Sprites/Tower Defense assets/PNG/Landscape/landscape_22.png
  artifactKey: Guid(81c348c4724e5c24ea191d062aa1eddb) Importer(815301076,1909f56bfc062723c751e8b465ee728b)
Start importing Assets/_External/Sprites/Tower Defense assets/PNG/Landscape/landscape_22.png using Guid(81c348c4724e5c24ea191d062aa1eddb) Importer(815301076,1909f56bfc062723c751e8b465ee728b)  -> (artifact id: 'f9dec931f437b9474bf349dc043a604c') in 0.036044 seconds 
  Import took 0.044053 seconds .

========================================================================
Received Import Request.
  Time since last request: 0.000314 seconds.
  path: Assets/_External/Sprites/Tower Defense assets/PNG/Landscape/landscape_01.png
  artifactKey: Guid(660e3efdd25cb2f46a0e0e71dbe3845f) Importer(815301076,1909f56bfc062723c751e8b465ee728b)
Start importing Assets/_External/Sprites/Tower Defense assets/PNG/Landscape/landscape_01.png using Guid(660e3efdd25cb2f46a0e0e71dbe3845f) Importer(815301076,1909f56bfc062723c751e8b465ee728b)  -> (artifact id: '1167354d9a20e9894fec05ece3caefc4') in 0.038317 seconds 
  Import took 0.044886 seconds .

========================================================================
Received Import Request.
  Time since last request: 0.000413 seconds.
  path: Assets/_External/Sprites/Tower Defense assets/PNG/Landscape/landscape_24.png
  artifactKey: Guid(0cd8abe3ff95ed24a985ebc58fd50ca4) Importer(815301076,1909f56bfc062723c751e8b465ee728b)
Start importing Assets/_External/Sprites/Tower Defense assets/PNG/Landscape/landscape_24.png using Guid(0cd8abe3ff95ed24a985ebc58fd50ca4) Importer(815301076,1909f56bfc062723c751e8b465ee728b)  -> (artifact id: '3ed060d5b3d4408fac9bb5d892d315bd') in 0.032842 seconds 
  Import took 0.040331 seconds .

========================================================================
Received Import Request.
  Time since last request: 0.000417 seconds.
  path: Assets/_External/Sprites/Tower Defense assets/PNG/Landscape/landscape_38.png
  artifactKey: Guid(8316a0b136e4fff4e8a71a484f075633) Importer(815301076,1909f56bfc062723c751e8b465ee728b)
Start importing Assets/_External/Sprites/Tower Defense assets/PNG/Landscape/landscape_38.png using Guid(8316a0b136e4fff4e8a71a484f075633) Importer(815301076,1909f56bfc062723c751e8b465ee728b)  -> (artifact id: '05cb8e14f5388083551f43cd448b0322') in 0.032367 seconds 
  Import took 0.040378 seconds .

========================================================================
Received Import Request.
  Time since last request: 0.000381 seconds.
  path: Assets/_External/Sprites/Tower Defense assets/PNG/Landscape/landscape_36.png
  artifactKey: Guid(a222048f5da1bb14083855b3647d6bb6) Importer(815301076,1909f56bfc062723c751e8b465ee728b)
Start importing Assets/_External/Sprites/Tower Defense assets/PNG/Landscape/landscape_36.png using Guid(a222048f5da1bb14083855b3647d6bb6) Importer(815301076,1909f56bfc062723c751e8b465ee728b)  -> (artifact id: 'a739c0ccf8af382206ccac399954fdca') in 0.035372 seconds 
  Import took 0.043436 seconds .

========================================================================
Received Import Request.
  Time since last request: 0.000459 seconds.
  path: Assets/Models/Tower/Obelisk/Textures/obelisk_lowpoly_obelisk_AlbedoTransparency.png
  artifactKey: Guid(36a753fa16327544c95cf61ba5cda39c) Importer(815301076,1909f56bfc062723c751e8b465ee728b)
Start importing Assets/Models/Tower/Obelisk/Textures/obelisk_lowpoly_obelisk_AlbedoTransparency.png using Guid(36a753fa16327544c95cf61ba5cda39c) Importer(815301076,1909f56bfc062723c751e8b465ee728b)  -> (artifact id: '3ebf643e99bc030669fe2cff651e896b') in 0.021748 seconds 
  Import took 0.029410 seconds .

========================================================================
Received Import Request.
  Time since last request: 0.000387 seconds.
  path: Assets/_External/Sprites/Tower Defense assets/PNG/Landscape/landscape_31.png
  artifactKey: Guid(b38323c09620831448fd2b6f1297cae8) Importer(815301076,1909f56bfc062723c751e8b465ee728b)
Start importing Assets/_External/Sprites/Tower Defense assets/PNG/Landscape/landscape_31.png using Guid(b38323c09620831448fd2b6f1297cae8) Importer(815301076,1909f56bfc062723c751e8b465ee728b)  -> (artifact id: 'e1380f5f50c3e18baf474cfbbbc2aa89') in 0.033391 seconds 
  Import took 0.041272 seconds .

========================================================================
Received Import Request.
  Time since last request: 0.000450 seconds.
  path: Assets/_External/Sprites/Tower Defense assets/PNG/Landscape/landscape_17.png
  artifactKey: Guid(9f221a9c83e8c7d4a91329ee8e35ceb9) Importer(815301076,1909f56bfc062723c751e8b465ee728b)
Start importing Assets/_External/Sprites/Tower Defense assets/PNG/Landscape/landscape_17.png using Guid(9f221a9c83e8c7d4a91329ee8e35ceb9) Importer(815301076,1909f56bfc062723c751e8b465ee728b)  -> (artifact id: 'b324c80fe8bd7850e844b08723177da9') in 0.035167 seconds 
  Import took 0.042468 seconds .

========================================================================
Received Import Request.
  Time since last request: 0.000499 seconds.
  path: Assets/_External/Sprites/Tower Defense assets/PNG/Landscape/landscape_39.png
  artifactKey: Guid(f636e585f2761254d989ef9237ff57e7) Importer(815301076,1909f56bfc062723c751e8b465ee728b)
Start importing Assets/_External/Sprites/Tower Defense assets/PNG/Landscape/landscape_39.png using Guid(f636e585f2761254d989ef9237ff57e7) Importer(815301076,1909f56bfc062723c751e8b465ee728b)  -> (artifact id: 'f62e34a075921b0632cfa2894ff79361') in 0.034699 seconds 
  Import took 0.041602 seconds .

========================================================================
Received Import Request.
  Time since last request: 0.000386 seconds.
  path: Assets/_External/Sprites/Tower Defense assets/PNG/Landscape/landscape_03.png
  artifactKey: Guid(98bce22131dc0604bb791ae20b307478) Importer(815301076,1909f56bfc062723c751e8b465ee728b)
Start importing Assets/_External/Sprites/Tower Defense assets/PNG/Landscape/landscape_03.png using Guid(98bce22131dc0604bb791ae20b307478) Importer(815301076,1909f56bfc062723c751e8b465ee728b)  -> (artifact id: '002492efabb73f4e90d98913b8913ef0') in 0.033083 seconds 
  Import took 0.040872 seconds .

========================================================================
Received Import Request.
  Time since last request: 0.000511 seconds.
  path: Assets/_External/Sprites/Tower Defense assets/PNG/Landscape/landscape_05.png
  artifactKey: Guid(30f48cdb0151c5e479f8d8acfb8a626d) Importer(815301076,1909f56bfc062723c751e8b465ee728b)
Start importing Assets/_External/Sprites/Tower Defense assets/PNG/Landscape/landscape_05.png using Guid(30f48cdb0151c5e479f8d8acfb8a626d) Importer(815301076,1909f56bfc062723c751e8b465ee728b)  -> (artifact id: 'b241313a630dee0e0fc3fb86a0a63c7c') in 0.034089 seconds 
  Import took 0.042860 seconds .

========================================================================
Received Import Request.
  Time since last request: 0.000677 seconds.
  path: Assets/Models/Tower/Obelisk/Textures/obelisk_lowpoly_obelisk_Normal.png
  artifactKey: Guid(af7c32fa77453da418467ae50e39205d) Importer(815301076,1909f56bfc062723c751e8b465ee728b)
Start importing Assets/Models/Tower/Obelisk/Textures/obelisk_lowpoly_obelisk_Normal.png using Guid(af7c32fa77453da418467ae50e39205d) Importer(815301076,1909f56bfc062723c751e8b465ee728b)  -> (artifact id: 'dac71fb30eb8d4981226c7821e5f78cf') in 0.021394 seconds 
  Import took 0.029401 seconds .

========================================================================
Received Import Request.
  Time since last request: 0.000342 seconds.
  path: Assets/_External/Sprites/Tower Defense assets/PNG/Details/crystals_4.png
  artifactKey: Guid(209a31201fb365e448e9eba05c21f910) Importer(815301076,1909f56bfc062723c751e8b465ee728b)
Start importing Assets/_External/Sprites/Tower Defense assets/PNG/Details/crystals_4.png using Guid(209a31201fb365e448e9eba05c21f910) Importer(815301076,1909f56bfc062723c751e8b465ee728b)  -> (artifact id: '5ee6bc2cb700f68ef9c670732b9c7e6e') in 0.031488 seconds 
  Import took 0.039426 seconds .

========================================================================
Received Import Request.
  Time since last request: 0.000314 seconds.
  path: Assets/_External/Sprites/Tower Defense assets/PNG/Landscape/landscape_21.png
  artifactKey: Guid(42a3cd85dae70de41b946b2127e5137e) Importer(815301076,1909f56bfc062723c751e8b465ee728b)
Start importing Assets/_External/Sprites/Tower Defense assets/PNG/Landscape/landscape_21.png using Guid(42a3cd85dae70de41b946b2127e5137e) Importer(815301076,1909f56bfc062723c751e8b465ee728b)  -> (artifact id: '0ccf8e49c635952a4481aa36aef7b123') in 0.036277 seconds 
  Import took 0.044316 seconds .

========================================================================
Received Import Request.
  Time since last request: 0.000478 seconds.
  path: Assets/_External/Sprites/Tower Defense assets/PNG/Landscape/landscape_14.png
  artifactKey: Guid(ef74f84099244ea4db1d35731de29ed7) Importer(815301076,1909f56bfc062723c751e8b465ee728b)
Start importing Assets/_External/Sprites/Tower Defense assets/PNG/Landscape/landscape_14.png using Guid(ef74f84099244ea4db1d35731de29ed7) Importer(815301076,1909f56bfc062723c751e8b465ee728b)  -> (artifact id: 'cf2d6dc4f50229e45e9d90d89473a8fc') in 0.031908 seconds 
  Import took 0.040758 seconds .

========================================================================
Received Import Request.
  Time since last request: 0.000487 seconds.
  path: Assets/_External/Sprites/Tower Defense assets/PNG/Landscape/landscape_37.png
  artifactKey: Guid(6b70952dc6b069d44bea0c8acbd29209) Importer(815301076,1909f56bfc062723c751e8b465ee728b)
Start importing Assets/_External/Sprites/Tower Defense assets/PNG/Landscape/landscape_37.png using Guid(6b70952dc6b069d44bea0c8acbd29209) Importer(815301076,1909f56bfc062723c751e8b465ee728b)  -> (artifact id: 'd19a94c426572df5445bbf7f4c898c27') in 0.031841 seconds 
  Import took 0.039776 seconds .

========================================================================
Received Import Request.
  Time since last request: 0.000483 seconds.
  path: Assets/_External/Sprites/Tower Defense assets/PNG/Landscape/landscape_09.png
  artifactKey: Guid(feeec7421cbd76c4c87db2a89ded9f52) Importer(815301076,1909f56bfc062723c751e8b465ee728b)
Start importing Assets/_External/Sprites/Tower Defense assets/PNG/Landscape/landscape_09.png using Guid(feeec7421cbd76c4c87db2a89ded9f52) Importer(815301076,1909f56bfc062723c751e8b465ee728b)  -> (artifact id: '41493f60b9304b45d88dcb4a0f0fcf3f') in 0.030277 seconds 
  Import took 0.038373 seconds .

========================================================================
Received Import Request.
  Time since last request: 0.000476 seconds.
  path: Assets/_External/Sprites/Tower Defense assets/PNG/Landscape/landscape_28.png
  artifactKey: Guid(7c351a80e1dc2114e9aa0b50c705bc0d) Importer(815301076,1909f56bfc062723c751e8b465ee728b)
Start importing Assets/_External/Sprites/Tower Defense assets/PNG/Landscape/landscape_28.png using Guid(7c351a80e1dc2114e9aa0b50c705bc0d) Importer(815301076,1909f56bfc062723c751e8b465ee728b)  -> (artifact id: 'a4ab3ce315bc98a91251fabe071d8764') in 0.036111 seconds 
  Import took 0.044237 seconds .

========================================================================
Received Import Request.
  Time since last request: 0.000338 seconds.
  path: Assets/_External/Sprites/Tower Defense assets/PNG/Landscape/landscape_11.png
  artifactKey: Guid(dc4fdf7cc0b79da45b60b1d61157cb6f) Importer(815301076,1909f56bfc062723c751e8b465ee728b)
Start importing Assets/_External/Sprites/Tower Defense assets/PNG/Landscape/landscape_11.png using Guid(dc4fdf7cc0b79da45b60b1d61157cb6f) Importer(815301076,1909f56bfc062723c751e8b465ee728b)  -> (artifact id: '864e56b470b56e0a75192f24d8a64013') in 0.034123 seconds 
  Import took 0.041822 seconds .

========================================================================
Received Import Request.
  Time since last request: 0.000428 seconds.
  path: Assets/_External/Sprites/Tower Defense assets/PNG/Landscape/landscape_07.png
  artifactKey: Guid(27e17fcdf3b659349bfe086e1e95bc9b) Importer(815301076,1909f56bfc062723c751e8b465ee728b)
Start importing Assets/_External/Sprites/Tower Defense assets/PNG/Landscape/landscape_07.png using Guid(27e17fcdf3b659349bfe086e1e95bc9b) Importer(815301076,1909f56bfc062723c751e8b465ee728b)  -> (artifact id: '1a41b4e64c57bde68de7cd4013957e35') in 0.035672 seconds 
  Import took 0.043023 seconds .

========================================================================
Received Import Request.
  Time since last request: 0.000487 seconds.
  path: Assets/Models/Tower/Obelisk/Textures/obelisk_lowpoly_obelisk_MetallicSmoothness.png
  artifactKey: Guid(d99642a4a966ed44eb359dab919631d3) Importer(815301076,1909f56bfc062723c751e8b465ee728b)
Start importing Assets/Models/Tower/Obelisk/Textures/obelisk_lowpoly_obelisk_MetallicSmoothness.png using Guid(d99642a4a966ed44eb359dab919631d3) Importer(815301076,1909f56bfc062723c751e8b465ee728b)  -> (artifact id: '8d4f6ff3ffdda76ebdc4fad61da008d0') in 0.030649 seconds 
  Import took 0.038374 seconds .

========================================================================
Received Import Request.
  Time since last request: 0.000434 seconds.
  path: Assets/_External/Sprites/Tower Defense assets/PNG/Landscape/landscape_33.png
  artifactKey: Guid(b3f38dd490318a944b8c0f063f830c48) Importer(815301076,1909f56bfc062723c751e8b465ee728b)
Start importing Assets/_External/Sprites/Tower Defense assets/PNG/Landscape/landscape_33.png using Guid(b3f38dd490318a944b8c0f063f830c48) Importer(815301076,1909f56bfc062723c751e8b465ee728b)  -> (artifact id: 'f05f7b7964f6cefc892b54c2c38b59b7') in 0.033516 seconds 
  Import took 0.042054 seconds .

========================================================================
Received Import Request.
  Time since last request: 0.000338 seconds.
  path: Assets/_External/Sprites/Tower Defense assets/Spritesheet/landscape_sheet.png
  artifactKey: Guid(f7a1ff12dc4985e47b14cf0c4f58e789) Importer(815301076,1909f56bfc062723c751e8b465ee728b)
Start importing Assets/_External/Sprites/Tower Defense assets/Spritesheet/landscape_sheet.png using Guid(f7a1ff12dc4985e47b14cf0c4f58e789) Importer(815301076,1909f56bfc062723c751e8b465ee728b)  -> (artifact id: '6becc84e58be662f924ba6c0c019985f') in 0.025513 seconds 
  Import took 0.032189 seconds .

========================================================================
Received Import Request.
  Time since last request: 0.000354 seconds.
  path: Assets/Models/Tower/Lamp/Textures/lamp_lamp_MetallicSmoothness.png
  artifactKey: Guid(d8422fc927700d843b39097f74fbc847) Importer(815301076,1909f56bfc062723c751e8b465ee728b)
Start importing Assets/Models/Tower/Lamp/Textures/lamp_lamp_MetallicSmoothness.png using Guid(d8422fc927700d843b39097f74fbc847) Importer(815301076,1909f56bfc062723c751e8b465ee728b)  -> (artifact id: '341013c9b3c1aae9c13909e650283e2f') in 0.015906 seconds 
  Import took 0.022993 seconds .

========================================================================
Received Import Request.
  Time since last request: 0.000301 seconds.
  path: Assets/_External/Sprites/Tower Defense assets/PNG/Landscape/landscape_29.png
  artifactKey: Guid(64fdcf11c82a0bf408b87bfe66501624) Importer(815301076,1909f56bfc062723c751e8b465ee728b)
Start importing Assets/_External/Sprites/Tower Defense assets/PNG/Landscape/landscape_29.png using Guid(64fdcf11c82a0bf408b87bfe66501624) Importer(815301076,1909f56bfc062723c751e8b465ee728b)  -> (artifact id: 'bf0dd92008b60bbd67ddb3703174e1b6') in 0.027989 seconds 
  Import took 0.034479 seconds .

========================================================================
Received Import Request.
  Time since last request: 0.000368 seconds.
  path: Assets/_External/Sprites/Tower Defense assets/PNG/Landscape/landscape_32.png
  artifactKey: Guid(56fb42a74a83c544a870ed736e92e3b6) Importer(815301076,1909f56bfc062723c751e8b465ee728b)
Start importing Assets/_External/Sprites/Tower Defense assets/PNG/Landscape/landscape_32.png using Guid(56fb42a74a83c544a870ed736e92e3b6) Importer(815301076,1909f56bfc062723c751e8b465ee728b)  -> (artifact id: 'b1b8965e521ca39522b879617a13de10') in 0.031524 seconds 
  Import took 0.039519 seconds .

========================================================================
Received Import Request.
  Time since last request: 0.000375 seconds.
  path: Assets/_External/Sprites/Tower Defense assets/PNG/Details/crystals_3.png
  artifactKey: Guid(2184c5b54838b754f9999a5d634fa7ea) Importer(815301076,1909f56bfc062723c751e8b465ee728b)
Start importing Assets/_External/Sprites/Tower Defense assets/PNG/Details/crystals_3.png using Guid(2184c5b54838b754f9999a5d634fa7ea) Importer(815301076,1909f56bfc062723c751e8b465ee728b)  -> (artifact id: '6639fe5c73c862475e71bdd69306dc41') in 0.023559 seconds 
  Import took 0.031177 seconds .

========================================================================
Received Import Request.
  Time since last request: 0.000330 seconds.
  path: Assets/_External/Sprites/Tower Defense assets/PNG/Landscape/landscape_26.png
  artifactKey: Guid(ce4d6869ad1658f48968bfd0170f5708) Importer(815301076,1909f56bfc062723c751e8b465ee728b)
Start importing Assets/_External/Sprites/Tower Defense assets/PNG/Landscape/landscape_26.png using Guid(ce4d6869ad1658f48968bfd0170f5708) Importer(815301076,1909f56bfc062723c751e8b465ee728b)  -> (artifact id: 'e3f20fa2faefcf7977f4e2fe94293ba8') in 0.029952 seconds 
  Import took 0.037208 seconds .

========================================================================
Received Import Request.
  Time since last request: 0.000344 seconds.
  path: Assets/_External/Sprites/Tower Defense assets/PNG/Details/crystals_1.png
  artifactKey: Guid(0c2d63ed552c2324b9fbb2bc6f260279) Importer(815301076,1909f56bfc062723c751e8b465ee728b)
Start importing Assets/_External/Sprites/Tower Defense assets/PNG/Details/crystals_1.png using Guid(0c2d63ed552c2324b9fbb2bc6f260279) Importer(815301076,1909f56bfc062723c751e8b465ee728b)  -> (artifact id: 'c1a47a1456ecf633ad616454cf6288b0') in 0.028059 seconds 
  Import took 0.034397 seconds .

========================================================================
Received Import Request.
  Time since last request: 0.000333 seconds.
  path: Assets/_External/Sprites/Tower Defense assets/PNG/Landscape/landscape_13.png
  artifactKey: Guid(4d04ddf13ac240a49b1e133b87b6116b) Importer(815301076,1909f56bfc062723c751e8b465ee728b)
Start importing Assets/_External/Sprites/Tower Defense assets/PNG/Landscape/landscape_13.png using Guid(4d04ddf13ac240a49b1e133b87b6116b) Importer(815301076,1909f56bfc062723c751e8b465ee728b)  -> (artifact id: 'cf12cfaad0e916c350aa0590e935fce5') in 0.035150 seconds 
  Import took 0.042971 seconds .

========================================================================
Received Import Request.
  Time since last request: 0.000534 seconds.
  path: Assets/_External/Sprites/Tower Defense assets/PNG/Landscape/landscape_23.png
  artifactKey: Guid(d35a1b7ba7c9f2847960423cbfee8b0a) Importer(815301076,1909f56bfc062723c751e8b465ee728b)
Start importing Assets/_External/Sprites/Tower Defense assets/PNG/Landscape/landscape_23.png using Guid(d35a1b7ba7c9f2847960423cbfee8b0a) Importer(815301076,1909f56bfc062723c751e8b465ee728b)  -> (artifact id: '04d21d36cd62f98b0a4e8422e46b4a6d') in 0.035739 seconds 
  Import took 0.045465 seconds .

========================================================================
Received Import Request.
  Time since last request: 0.000458 seconds.
  path: Assets/_External/Sprites/Tower Defense assets/PNG/Details/crystals_2.png
  artifactKey: Guid(63f9c3dedcbc1bb499ea0adaf7c29683) Importer(815301076,1909f56bfc062723c751e8b465ee728b)
Start importing Assets/_External/Sprites/Tower Defense assets/PNG/Details/crystals_2.png using Guid(63f9c3dedcbc1bb499ea0adaf7c29683) Importer(815301076,1909f56bfc062723c751e8b465ee728b)  -> (artifact id: '405ee2aa360ffa10404a9441bafce8f5') in 0.031401 seconds 
  Import took 0.041024 seconds .

========================================================================
Received Import Request.
  Time since last request: 0.000377 seconds.
  path: Assets/Models/Tower/Obelisk/Textures/obelisk_lowpoly_obelisk_Metallic.png
  artifactKey: Guid(97fdff5a33d343d4b8ca787f64359b00) Importer(815301076,1909f56bfc062723c751e8b465ee728b)
Start importing Assets/Models/Tower/Obelisk/Textures/obelisk_lowpoly_obelisk_Metallic.png using Guid(97fdff5a33d343d4b8ca787f64359b00) Importer(815301076,1909f56bfc062723c751e8b465ee728b)  -> (artifact id: 'a0f438f166f2e32fcd8fdebb444442a3') in 0.032163 seconds 
  Import took 0.039717 seconds .

========================================================================
Received Import Request.
  Time since last request: 0.000482 seconds.
  path: Assets/Models/Tower/Lamp/Textures/lamp_lamp_AlbedoTransparency.png
  artifactKey: Guid(7bfcc9ddf97c6094691cdbf25a624820) Importer(815301076,1909f56bfc062723c751e8b465ee728b)
Start importing Assets/Models/Tower/Lamp/Textures/lamp_lamp_AlbedoTransparency.png using Guid(7bfcc9ddf97c6094691cdbf25a624820) Importer(815301076,1909f56bfc062723c751e8b465ee728b)  -> (artifact id: '4bc4ef32feaf868f2e2d0c6f96c20a49') in 0.022570 seconds 
  Import took 0.030668 seconds .

========================================================================
Received Import Request.
  Time since last request: 0.000428 seconds.
  path: Assets/_External/Sprites/Tower Defense assets/PNG/Landscape/landscape_06.png
  artifactKey: Guid(758173b1c1baba5469c7fcaf9c8b90fb) Importer(815301076,1909f56bfc062723c751e8b465ee728b)
Start importing Assets/_External/Sprites/Tower Defense assets/PNG/Landscape/landscape_06.png using Guid(758173b1c1baba5469c7fcaf9c8b90fb) Importer(815301076,1909f56bfc062723c751e8b465ee728b)  -> (artifact id: '827315a2299877372c1d1a9527cf923b') in 0.036374 seconds 
  Import took 0.043923 seconds .

========================================================================
Received Import Request.
  Time since last request: 0.000358 seconds.
  path: Assets/_External/Sprites/Tower Defense assets/PNG/Landscape/landscape_04.png
  artifactKey: Guid(b8614900c4cb1f9468666985d67d561d) Importer(815301076,1909f56bfc062723c751e8b465ee728b)
Start importing Assets/_External/Sprites/Tower Defense assets/PNG/Landscape/landscape_04.png using Guid(b8614900c4cb1f9468666985d67d561d) Importer(815301076,1909f56bfc062723c751e8b465ee728b)  -> (artifact id: 'a8d5d5b173bd116b629581df3d870bcf') in 0.031343 seconds 
  Import took 0.038710 seconds .

========================================================================
Received Import Request.
  Time since last request: 0.000346 seconds.
  path: Assets/_External/Sprites/Tower Defense assets/PNG/Landscape/landscape_12.png
  artifactKey: Guid(9f70cd2f4496f7b41bc2275a636acb62) Importer(815301076,1909f56bfc062723c751e8b465ee728b)
Start importing Assets/_External/Sprites/Tower Defense assets/PNG/Landscape/landscape_12.png using Guid(9f70cd2f4496f7b41bc2275a636acb62) Importer(815301076,1909f56bfc062723c751e8b465ee728b)  -> (artifact id: 'e7754d900ed2a2603679239a0a1dbf03') in 0.033027 seconds 
  Import took 0.040672 seconds .

========================================================================
Received Import Request.
  Time since last request: 0.000487 seconds.
  path: Assets/_External/Sprites/Tower Defense assets/PNG/Landscape/landscape_08.png
  artifactKey: Guid(662590a342f95564bb3b96e382ea3320) Importer(815301076,1909f56bfc062723c751e8b465ee728b)
Start importing Assets/_External/Sprites/Tower Defense assets/PNG/Landscape/landscape_08.png using Guid(662590a342f95564bb3b96e382ea3320) Importer(815301076,1909f56bfc062723c751e8b465ee728b)  -> (artifact id: 'bf39676ef45493d093d7ded6effd120b') in 0.036527 seconds 
  Import took 0.043633 seconds .

========================================================================
Received Import Request.
  Time since last request: 0.000557 seconds.
  path: Assets/TextMesh Pro/Sprites/EmojiOne.png
  artifactKey: Guid(dffef66376be4fa480fb02b19edbe903) Importer(815301076,1909f56bfc062723c751e8b465ee728b)
Start importing Assets/TextMesh Pro/Sprites/EmojiOne.png using Guid(dffef66376be4fa480fb02b19edbe903) Importer(815301076,1909f56bfc062723c751e8b465ee728b)  -> (artifact id: '4b84ce5bc94c7df70dea3d628f8775a6') in 0.024492 seconds 
  Import took 0.031126 seconds .

========================================================================
Received Import Request.
  Time since last request: 0.000402 seconds.
  path: Assets/_External/Sprites/Tower Defense assets/Preview.png
  artifactKey: Guid(0d21e382cfad6e54aa96aa7dc76bba07) Importer(815301076,1909f56bfc062723c751e8b465ee728b)
Start importing Assets/_External/Sprites/Tower Defense assets/Preview.png using Guid(0d21e382cfad6e54aa96aa7dc76bba07) Importer(815301076,1909f56bfc062723c751e8b465ee728b)  -> (artifact id: '546ad6eee050a4783065248cd0653574') in 0.037364 seconds 
  Import took 0.045891 seconds .

========================================================================
Received Import Request.
  Time since last request: 0.000478 seconds.
  path: Assets/_External/Sprites/Tower Defense assets/PNG/Landscape/landscape_27.png
  artifactKey: Guid(12d04e71422e93347bb366fe6ae9c432) Importer(815301076,1909f56bfc062723c751e8b465ee728b)
Start importing Assets/_External/Sprites/Tower Defense assets/PNG/Landscape/landscape_27.png using Guid(12d04e71422e93347bb366fe6ae9c432) Importer(815301076,1909f56bfc062723c751e8b465ee728b)  -> (artifact id: 'f07c1cd71f86a5b7799546db126d685e') in 0.039247 seconds 
  Import took 0.046008 seconds .

========================================================================
Received Import Request.
  Time since last request: 0.000299 seconds.
  path: Assets/_External/Sprites/Tower Defense assets/PNG/Landscape/landscape_02.png
  artifactKey: Guid(c6b15b55218d8454ca695f8060d51fed) Importer(815301076,1909f56bfc062723c751e8b465ee728b)
Start importing Assets/_External/Sprites/Tower Defense assets/PNG/Landscape/landscape_02.png using Guid(c6b15b55218d8454ca695f8060d51fed) Importer(815301076,1909f56bfc062723c751e8b465ee728b)  -> (artifact id: 'e17b7295a27d02e784b41ee7b1db68a8') in 0.035658 seconds 
  Import took 0.043986 seconds .

========================================================================
Received Import Request.
  Time since last request: 0.000469 seconds.
  path: Assets/_External/Sprites/Tower Defense assets/PNG/Landscape/landscape_35.png
  artifactKey: Guid(9d0fa7a040c6cd745aa74bb4a447eb4f) Importer(815301076,1909f56bfc062723c751e8b465ee728b)
Start importing Assets/_External/Sprites/Tower Defense assets/PNG/Landscape/landscape_35.png using Guid(9d0fa7a040c6cd745aa74bb4a447eb4f) Importer(815301076,1909f56bfc062723c751e8b465ee728b)  -> (artifact id: '0b619d61ff1a552dfe95170b915a3eb4') in 0.039963 seconds 
  Import took 0.047603 seconds .

========================================================================
Received Import Request.
  Time since last request: 0.000356 seconds.
  path: Assets/_External/Sprites/Tower Defense assets/PNG/Landscape/landscape_18.png
  artifactKey: Guid(ae16fe8884f53f54fbb32f527c8a64d6) Importer(815301076,1909f56bfc062723c751e8b465ee728b)
Start importing Assets/_External/Sprites/Tower Defense assets/PNG/Landscape/landscape_18.png using Guid(ae16fe8884f53f54fbb32f527c8a64d6) Importer(815301076,1909f56bfc062723c751e8b465ee728b)  -> (artifact id: 'b335e34a6489716132acb88eec4e99f0') in 0.035608 seconds 
  Import took 0.042161 seconds .

========================================================================
Received Import Request.
  Time since last request: 0.000413 seconds.
  path: Assets/_External/Sprites/Tower Defense assets/PNG/Landscape/landscape_30.png
  artifactKey: Guid(f4407bdeaba634e4fb8fb3ceffcf2fd8) Importer(815301076,1909f56bfc062723c751e8b465ee728b)
Start importing Assets/_External/Sprites/Tower Defense assets/PNG/Landscape/landscape_30.png using Guid(f4407bdeaba634e4fb8fb3ceffcf2fd8) Importer(815301076,1909f56bfc062723c751e8b465ee728b)  -> (artifact id: '285c5099414bcc4be6db930070bcf55d') in 0.032853 seconds 
  Import took 0.040733 seconds .

========================================================================
Received Import Request.
  Time since last request: 0.000360 seconds.
  path: Assets/_External/Sprites/Tower Defense assets/PNG/Landscape/landscape_16.png
  artifactKey: Guid(c5f7443e6c2f26747b16d24fd4cb004e) Importer(815301076,1909f56bfc062723c751e8b465ee728b)
Start importing Assets/_External/Sprites/Tower Defense assets/PNG/Landscape/landscape_16.png using Guid(c5f7443e6c2f26747b16d24fd4cb004e) Importer(815301076,1909f56bfc062723c751e8b465ee728b)  -> (artifact id: 'e8c9fb632e7cadcc7d0915b08873b601') in 0.032204 seconds 
  Import took 0.040295 seconds .

========================================================================
Received Import Request.
  Time since last request: 0.000467 seconds.
  path: Assets/_External/Sprites/Tower Defense assets/PNG/Landscape/landscape_15.png
  artifactKey: Guid(76427a5c024861443a7a3f90217e6f13) Importer(815301076,1909f56bfc062723c751e8b465ee728b)
Start importing Assets/_External/Sprites/Tower Defense assets/PNG/Landscape/landscape_15.png using Guid(76427a5c024861443a7a3f90217e6f13) Importer(815301076,1909f56bfc062723c751e8b465ee728b)  -> (artifact id: 'dd8e8da2e0520fa30fa4a23fa829bd93') in 0.033205 seconds 
  Import took 0.040787 seconds .

========================================================================
Received Import Request.
  Time since last request: 0.000431 seconds.
  path: Assets/Models/Tower/Lamp/Textures/lamp_lamp_Emission.png
  artifactKey: Guid(f6afb447acca60e429a397ef0b5c7ecb) Importer(815301076,1909f56bfc062723c751e8b465ee728b)
Start importing Assets/Models/Tower/Lamp/Textures/lamp_lamp_Emission.png using Guid(f6afb447acca60e429a397ef0b5c7ecb) Importer(815301076,1909f56bfc062723c751e8b465ee728b)  -> (artifact id: 'f9dfd7699966ec6ae298dd466cd12620') in 0.019015 seconds 
  Import took 0.025726 seconds .

========================================================================
Received Import Request.
  Time since last request: 0.000419 seconds.
  path: Assets/_External/Sprites/Tower Defense assets/PNG/Landscape/landscape_00.png
  artifactKey: Guid(76edba0bb9487364ead8c87f412a38aa) Importer(815301076,1909f56bfc062723c751e8b465ee728b)
Start importing Assets/_External/Sprites/Tower Defense assets/PNG/Landscape/landscape_00.png using Guid(76edba0bb9487364ead8c87f412a38aa) Importer(815301076,1909f56bfc062723c751e8b465ee728b)  -> (artifact id: 'fc6491777b76551d1fcb80186d52475e') in 0.032169 seconds 
  Import took 0.040150 seconds .

========================================================================
Received Import Request.
  Time since last request: 0.000323 seconds.
  path: Assets/_External/Sprites/Tower Defense assets/PNG/Landscape/landscape_25.png
  artifactKey: Guid(ecad6219a6ce7c44bacb182e6d059a56) Importer(815301076,1909f56bfc062723c751e8b465ee728b)
Start importing Assets/_External/Sprites/Tower Defense assets/PNG/Landscape/landscape_25.png using Guid(ecad6219a6ce7c44bacb182e6d059a56) Importer(815301076,1909f56bfc062723c751e8b465ee728b)  -> (artifact id: '1dae20ef954b2353ff70ccfc033343fe') in 0.028952 seconds 
  Import took 0.036490 seconds .

========================================================================
Received Import Request.
  Time since last request: 0.000324 seconds.
  path: Assets/_External/Sprites/Tower Defense assets/PNG/Landscape/landscape_19.png
  artifactKey: Guid(a692180493f9b94478d07ea5a89141dc) Importer(815301076,1909f56bfc062723c751e8b465ee728b)
Start importing Assets/_External/Sprites/Tower Defense assets/PNG/Landscape/landscape_19.png using Guid(a692180493f9b94478d07ea5a89141dc) Importer(815301076,1909f56bfc062723c751e8b465ee728b)  -> (artifact id: '05e43053978ee205371a44bedbe81ae5') in 0.026961 seconds 
  Import took 0.035169 seconds .

========================================================================
Received Import Request.
  Time since last request: 67.828349 seconds.
  path: Assets/Models/Tower/Lamp/Materials
  artifactKey: Guid(d4a71b3aded8fc74f8e81e6197991fd4) Importer(815301076,1909f56bfc062723c751e8b465ee728b)
Start importing Assets/Models/Tower/Lamp/Materials using Guid(d4a71b3aded8fc74f8e81e6197991fd4) Importer(815301076,1909f56bfc062723c751e8b465ee728b)  -> (artifact id: '2ded3d29f2bdc3b7d0b01c0cfbf06e0f') in 0.010306 seconds 
  Import took 0.017352 seconds .

========================================================================
Received Import Request.
  Time since last request: 773.964939 seconds.
  path: Assets/Prefabs/Tower - Lamp.prefab
  artifactKey: Guid(c8501fe4d212fb34992e57ed01684e8f) Importer(815301076,1909f56bfc062723c751e8b465ee728b)
Start importing Assets/Prefabs/Tower - Lamp.prefab using Guid(c8501fe4d212fb34992e57ed01684e8f) Importer(815301076,1909f56bfc062723c751e8b465ee728b)  -> (artifact id: '654481f2b0f601272e0bf6ced769991a') in 0.036910 seconds 
  Import took 0.047468 seconds .

========================================================================
Received Import Request.
  Time since last request: 0.988253 seconds.
  path: Assets/Prefabs/Tile - Road.prefab
  artifactKey: Guid(692c61433cd8806488264c132f51f082) Importer(815301076,1909f56bfc062723c751e8b465ee728b)
Start importing Assets/Prefabs/Tile - Road.prefab using Guid(692c61433cd8806488264c132f51f082) Importer(815301076,1909f56bfc062723c751e8b465ee728b)  -> (artifact id: '7ec78ec2a8e0be3a0b2a1221118a057e') in 0.072315 seconds 
  Import took 0.080572 seconds .

========================================================================
Received Prepare
Registering precompiled user dll's ...
Registered in 0.005167 seconds.
Begin MonoManager ReloadAssembly
Native extension for WindowsStandalone target not found
Native extension for WebGL target not found
Refreshing native plugins compatible for Editor in 0.98 ms, found 2 plugins.
Preloading 0 native plugins for Editor in 0.00 ms.
Mono: successfully reloaded assembly
- Completed reload, in  1.735 seconds
Domain Reload Profiling:
	ReloadAssembly (1735ms)
		BeginReloadAssembly (186ms)
			ExecutionOrderSort (0ms)
			DisableScriptedObjects (11ms)
			BackupInstance (0ms)
			ReleaseScriptingObjects (0ms)
			CreateAndSetChildDomain (63ms)
		EndReloadAssembly (1450ms)
			LoadAssemblies (154ms)
			RebuildTransferFunctionScriptingTraits (0ms)
			SetupTypeCache (524ms)
			ReleaseScriptCaches (3ms)
			RebuildScriptCaches (96ms)
			SetupLoadedEditorAssemblies (437ms)
				LogAssemblyErrors (0ms)
				InitializePlatformSupportModulesInManaged (8ms)
				SetLoadedEditorAssemblies (1ms)
				RefreshPlugins (1ms)
				BeforeProcessingInitializeOnLoad (150ms)
				ProcessInitializeOnLoadAttributes (257ms)
				ProcessInitializeOnLoadMethodAttributes (11ms)
				AfterProcessingInitializeOnLoad (10ms)
				EditorAssembliesLoaded (0ms)
			ExecutionOrderSort2 (0ms)
			AwakeInstancesAfterBackupRestoration (23ms)
Platform modules already initialized, skipping
Refreshing native plugins compatible for Editor in 0.94 ms, found 2 plugins.
Preloading 0 native plugins for Editor in 0.00 ms.
Unloading 3293 Unused Serialized files (Serialized files now loaded: 0)
System memory in use before: 145.6 MB.
System memory in use after: 145.9 MB.

Unloading 14 unused Assets to reduce memory usage. Loaded Objects now: 3966.
Total: 4.858000 ms (FindLiveObjects: 0.511200 ms CreateObjectMapping: 0.184300 ms MarkObjects: 4.099100 ms  DeleteObjects: 0.061400 ms)

AssetImportParameters requested are different than current active one (requested -> active):
  custom:framework-win-MediaFoundation: 216162199b28c13a410421893ffa2e32 -> 
  custom:video-decoder-ogg-theora: a1e56fd34408186e4bbccfd4996cb3dc -> 
  custom:container-muxer-webm: aa71ff27fc2769a1b78a27578f13a17b -> 
  custom:container-demuxer-webm: 4f35f7cbe854078d1ac9338744f61a02 -> 
  custom:container-demuxer-ogg: 62fdf1f143b41e24485cea50d1cbac27 -> 
  custom:video-encoder-webm-vp8: eb34c28f22e8b96e1ab97ce403110664 -> 
  custom:video-decoder-webm-vp8: 9c59270c3fd7afecdb556c50c9e8de78 -> 
  custom:audio-decoder-ogg-vorbis: bf7c407c2cedff20999df2af8eb42d56 -> 
  custom:audio-encoder-webm-vorbis: bf7c407c2cedff20999df2af8eb42d56 -> 
========================================================================
Received Import Request.
  Time since last request: 16.494352 seconds.
  path: Assets/Prefabs/Tile.prefab
  artifactKey: Guid(76b80edd4d6ee4541879512905aa67c4) Importer(815301076,1909f56bfc062723c751e8b465ee728b)
Start importing Assets/Prefabs/Tile.prefab using Guid(76b80edd4d6ee4541879512905aa67c4) Importer(815301076,1909f56bfc062723c751e8b465ee728b)  -> (artifact id: 'b65a0efcea1e766dee366e5ae7ae5995') in 0.348490 seconds 
  Import took 0.357054 seconds .

========================================================================
Received Prepare
Registering precompiled user dll's ...
Registered in 0.005774 seconds.
Begin MonoManager ReloadAssembly
Native extension for WindowsStandalone target not found
Native extension for WebGL target not found
Refreshing native plugins compatible for Editor in 1.01 ms, found 2 plugins.
Preloading 0 native plugins for Editor in 0.00 ms.
Mono: successfully reloaded assembly
- Completed reload, in  1.627 seconds
Domain Reload Profiling:
	ReloadAssembly (1627ms)
		BeginReloadAssembly (166ms)
			ExecutionOrderSort (0ms)
			DisableScriptedObjects (11ms)
			BackupInstance (0ms)
			ReleaseScriptingObjects (0ms)
			CreateAndSetChildDomain (61ms)
		EndReloadAssembly (1375ms)
			LoadAssemblies (146ms)
			RebuildTransferFunctionScriptingTraits (0ms)
			SetupTypeCache (442ms)
			ReleaseScriptCaches (2ms)
			RebuildScriptCaches (93ms)
			SetupLoadedEditorAssemblies (472ms)
				LogAssemblyErrors (0ms)
				InitializePlatformSupportModulesInManaged (6ms)
				SetLoadedEditorAssemblies (1ms)
				RefreshPlugins (1ms)
				BeforeProcessingInitializeOnLoad (150ms)
				ProcessInitializeOnLoadAttributes (292ms)
				ProcessInitializeOnLoadMethodAttributes (10ms)
				AfterProcessingInitializeOnLoad (11ms)
				EditorAssembliesLoaded (0ms)
			ExecutionOrderSort2 (0ms)
			AwakeInstancesAfterBackupRestoration (24ms)
Platform modules already initialized, skipping
Refreshing native plugins compatible for Editor in 1.00 ms, found 2 plugins.
Preloading 0 native plugins for Editor in 0.00 ms.
Unloading 3293 Unused Serialized files (Serialized files now loaded: 0)
System memory in use before: 145.8 MB.
System memory in use after: 146.0 MB.

Unloading 12 unused Assets to reduce memory usage. Loaded Objects now: 4004.
Total: 5.735400 ms (FindLiveObjects: 0.490600 ms CreateObjectMapping: 0.209100 ms MarkObjects: 5.008000 ms  DeleteObjects: 0.025700 ms)

AssetImportParameters requested are different than current active one (requested -> active):
  custom:framework-win-MediaFoundation: 216162199b28c13a410421893ffa2e32 -> 
  custom:video-decoder-ogg-theora: a1e56fd34408186e4bbccfd4996cb3dc -> 
  custom:container-muxer-webm: aa71ff27fc2769a1b78a27578f13a17b -> 
  custom:container-demuxer-webm: 4f35f7cbe854078d1ac9338744f61a02 -> 
  custom:container-demuxer-ogg: 62fdf1f143b41e24485cea50d1cbac27 -> 
  custom:video-encoder-webm-vp8: eb34c28f22e8b96e1ab97ce403110664 -> 
  custom:video-decoder-webm-vp8: 9c59270c3fd7afecdb556c50c9e8de78 -> 
  custom:audio-decoder-ogg-vorbis: bf7c407c2cedff20999df2af8eb42d56 -> 
  custom:audio-encoder-webm-vorbis: bf7c407c2cedff20999df2af8eb42d56 -> 
========================================================================
Received Prepare
Registering precompiled user dll's ...
Registered in 0.005001 seconds.
Begin MonoManager ReloadAssembly
Native extension for WindowsStandalone target not found
Native extension for WebGL target not found
Refreshing native plugins compatible for Editor in 0.73 ms, found 2 plugins.
Preloading 0 native plugins for Editor in 0.00 ms.
Mono: successfully reloaded assembly
- Completed reload, in  1.560 seconds
Domain Reload Profiling:
	ReloadAssembly (1561ms)
		BeginReloadAssembly (138ms)
			ExecutionOrderSort (0ms)
			DisableScriptedObjects (9ms)
			BackupInstance (0ms)
			ReleaseScriptingObjects (0ms)
			CreateAndSetChildDomain (43ms)
		EndReloadAssembly (1332ms)
			LoadAssemblies (130ms)
			RebuildTransferFunctionScriptingTraits (0ms)
			SetupTypeCache (499ms)
			ReleaseScriptCaches (2ms)
			RebuildScriptCaches (91ms)
			SetupLoadedEditorAssemblies (404ms)
				LogAssemblyErrors (0ms)
				InitializePlatformSupportModulesInManaged (7ms)
				SetLoadedEditorAssemblies (1ms)
				RefreshPlugins (1ms)
				BeforeProcessingInitializeOnLoad (136ms)
				ProcessInitializeOnLoadAttributes (244ms)
				ProcessInitializeOnLoadMethodAttributes (8ms)
				AfterProcessingInitializeOnLoad (8ms)
				EditorAssembliesLoaded (0ms)
			ExecutionOrderSort2 (0ms)
			AwakeInstancesAfterBackupRestoration (22ms)
Platform modules already initialized, skipping
Refreshing native plugins compatible for Editor in 0.93 ms, found 2 plugins.
Preloading 0 native plugins for Editor in 0.00 ms.
Unloading 3293 Unused Serialized files (Serialized files now loaded: 0)
System memory in use before: 145.8 MB.
System memory in use after: 146.1 MB.

Unloading 12 unused Assets to reduce memory usage. Loaded Objects now: 4006.
Total: 5.659200 ms (FindLiveObjects: 0.587800 ms CreateObjectMapping: 0.255200 ms MarkObjects: 4.771100 ms  DeleteObjects: 0.042500 ms)

AssetImportParameters requested are different than current active one (requested -> active):
  custom:framework-win-MediaFoundation: 216162199b28c13a410421893ffa2e32 -> 
  custom:video-decoder-ogg-theora: a1e56fd34408186e4bbccfd4996cb3dc -> 
  custom:container-muxer-webm: aa71ff27fc2769a1b78a27578f13a17b -> 
  custom:container-demuxer-webm: 4f35f7cbe854078d1ac9338744f61a02 -> 
  custom:container-demuxer-ogg: 62fdf1f143b41e24485cea50d1cbac27 -> 
  custom:video-encoder-webm-vp8: eb34c28f22e8b96e1ab97ce403110664 -> 
  custom:video-decoder-webm-vp8: 9c59270c3fd7afecdb556c50c9e8de78 -> 
  custom:audio-decoder-ogg-vorbis: bf7c407c2cedff20999df2af8eb42d56 -> 
  custom:audio-encoder-webm-vorbis: bf7c407c2cedff20999df2af8eb42d56 -> 
========================================================================
Received Prepare
Registering precompiled user dll's ...
Registered in 23874.057666 seconds.
Begin MonoManager ReloadAssembly
Native extension for WindowsStandalone target not found
Native extension for WebGL target not found
Refreshing native plugins compatible for Editor in 1.96 ms, found 2 plugins.
Preloading 0 native plugins for Editor in 0.00 ms.
Mono: successfully reloaded assembly
- Completed reload, in  5.551 seconds
Domain Reload Profiling:
	ReloadAssembly (5722ms)
		BeginReloadAssembly (2187ms)
			ExecutionOrderSort (1ms)
			DisableScriptedObjects (556ms)
			BackupInstance (0ms)
			ReleaseScriptingObjects (7ms)
			CreateAndSetChildDomain (871ms)
		EndReloadAssembly (3138ms)
			LoadAssemblies (610ms)
			RebuildTransferFunctionScriptingTraits (3ms)
			SetupTypeCache (1067ms)
			ReleaseScriptCaches (6ms)
			RebuildScriptCaches (205ms)
			SetupLoadedEditorAssemblies (958ms)
				LogAssemblyErrors (0ms)
				InitializePlatformSupportModulesInManaged (15ms)
				SetLoadedEditorAssemblies (2ms)
				RefreshPlugins (2ms)
				BeforeProcessingInitializeOnLoad (281ms)
				ProcessInitializeOnLoadAttributes (609ms)
				ProcessInitializeOnLoadMethodAttributes (24ms)
				AfterProcessingInitializeOnLoad (23ms)
				EditorAssembliesLoaded (2ms)
			ExecutionOrderSort2 (0ms)
			AwakeInstancesAfterBackupRestoration (113ms)
Platform modules already initialized, skipping
Refreshing native plugins compatible for Editor in 2.23 ms, found 2 plugins.
Preloading 0 native plugins for Editor in 0.00 ms.
Unloading 3293 Unused Serialized files (Serialized files now loaded: 0)
System memory in use before: 145.8 MB.
System memory in use after: 146.1 MB.

Unloading 12 unused Assets to reduce memory usage. Loaded Objects now: 4008.
Total: 362.494400 ms (FindLiveObjects: 21.681300 ms CreateObjectMapping: 0.884500 ms MarkObjects: 339.661100 ms  DeleteObjects: 0.258600 ms)

AssetImportParameters requested are different than current active one (requested -> active):
  custom:framework-win-MediaFoundation: 216162199b28c13a410421893ffa2e32 -> 
  custom:video-decoder-ogg-theora: a1e56fd34408186e4bbccfd4996cb3dc -> 
  custom:container-muxer-webm: aa71ff27fc2769a1b78a27578f13a17b -> 
  custom:container-demuxer-webm: 4f35f7cbe854078d1ac9338744f61a02 -> 
  custom:container-demuxer-ogg: 62fdf1f143b41e24485cea50d1cbac27 -> 
  custom:video-encoder-webm-vp8: eb34c28f22e8b96e1ab97ce403110664 -> 
  custom:video-decoder-webm-vp8: 9c59270c3fd7afecdb556c50c9e8de78 -> 
  custom:audio-decoder-ogg-vorbis: bf7c407c2cedff20999df2af8eb42d56 -> 
  custom:audio-encoder-webm-vorbis: bf7c407c2cedff20999df2af8eb42d56 -> 
========================================================================
Received Prepare
Registering precompiled user dll's ...
Registered in 0.006669 seconds.
Begin MonoManager ReloadAssembly
Native extension for WindowsStandalone target not found
Native extension for WebGL target not found
Refreshing native plugins compatible for Editor in 1.65 ms, found 2 plugins.
Preloading 0 native plugins for Editor in 0.00 ms.
Mono: successfully reloaded assembly
- Completed reload, in  4.291 seconds
Domain Reload Profiling:
	ReloadAssembly (4292ms)
		BeginReloadAssembly (386ms)
			ExecutionOrderSort (0ms)
			DisableScriptedObjects (31ms)
			BackupInstance (0ms)
			ReleaseScriptingObjects (0ms)
			CreateAndSetChildDomain (119ms)
		EndReloadAssembly (3668ms)
			LoadAssemblies (334ms)
			RebuildTransferFunctionScriptingTraits (0ms)
			SetupTypeCache (1126ms)
			ReleaseScriptCaches (5ms)
			RebuildScriptCaches (265ms)
			SetupLoadedEditorAssemblies (1353ms)
				LogAssemblyErrors (0ms)
				InitializePlatformSupportModulesInManaged (19ms)
				SetLoadedEditorAssemblies (3ms)
				RefreshPlugins (2ms)
				BeforeProcessingInitializeOnLoad (404ms)
				ProcessInitializeOnLoadAttributes (763ms)
				ProcessInitializeOnLoadMethodAttributes (53ms)
				AfterProcessingInitializeOnLoad (108ms)
				EditorAssembliesLoaded (1ms)
			ExecutionOrderSort2 (0ms)
			AwakeInstancesAfterBackupRestoration (94ms)
Platform modules already initialized, skipping
Refreshing native plugins compatible for Editor in 1.98 ms, found 2 plugins.
Preloading 0 native plugins for Editor in 0.00 ms.
Unloading 3293 Unused Serialized files (Serialized files now loaded: 0)
System memory in use before: 145.8 MB.
System memory in use after: 146.1 MB.

Unloading 12 unused Assets to reduce memory usage. Loaded Objects now: 4010.
Total: 25.995100 ms (FindLiveObjects: 1.790200 ms CreateObjectMapping: 0.768900 ms MarkObjects: 20.682900 ms  DeleteObjects: 2.746000 ms)

AssetImportParameters requested are different than current active one (requested -> active):
  custom:framework-win-MediaFoundation: 216162199b28c13a410421893ffa2e32 -> 
  custom:video-decoder-ogg-theora: a1e56fd34408186e4bbccfd4996cb3dc -> 
  custom:container-muxer-webm: aa71ff27fc2769a1b78a27578f13a17b -> 
  custom:container-demuxer-webm: 4f35f7cbe854078d1ac9338744f61a02 -> 
  custom:container-demuxer-ogg: 62fdf1f143b41e24485cea50d1cbac27 -> 
  custom:video-encoder-webm-vp8: eb34c28f22e8b96e1ab97ce403110664 -> 
  custom:video-decoder-webm-vp8: 9c59270c3fd7afecdb556c50c9e8de78 -> 
  custom:audio-decoder-ogg-vorbis: bf7c407c2cedff20999df2af8eb42d56 -> 
  custom:audio-encoder-webm-vorbis: bf7c407c2cedff20999df2af8eb42d56 -> 
AssetImportWorkerClient::OnTransportError - code=2 error=End of file
